<testsuite name="nose2-junit" errors="0" failures="0" skipped="0" tests="2923" time="21.620">
  <testcase timestamp="2023-04-13T21:28:05.447491" time="1.572245" classname="tests.admin.test_admin_service.TestAdminService" name="test_get_database_info_request_integration">
    <system-out />
  </testcase>
  <testcase timestamp="2023-04-13T21:28:07.019736" time="0.000000" classname="tests.admin.test_admin_service.TestAdminService" name="test_handle_get_database_info_request">
    <system-out />
  </testcase>
  <testcase timestamp="2023-04-13T21:28:07.019736" time="0.015616" classname="tests.admin.test_admin_service.TestAdminService" name="test_initialization">
    <system-out />
  </testcase>
  <testcase timestamp="2023-04-13T21:28:07.035352" time="0.006520" classname="tests.capabilities.test_capabilities_service.TestCapabilitiesService" name="test_dmp_capabilities_have_backup_options">
    <system-out />
  </testcase>
  <testcase timestamp="2023-04-13T21:28:07.041873" time="0.000000" classname="tests.capabilities.test_capabilities_service.TestCapabilitiesService" name="test_dmp_capabilities_request">
    <system-out />
  </testcase>
  <testcase timestamp="2023-04-13T21:28:07.041873" time="0.000000" classname="tests.capabilities.test_capabilities_service.TestCapabilitiesService" name="test_initialization">
    <system-out />
  </testcase>
  <testcase timestamp="2023-04-13T21:28:07.041873" time="0.000000" classname="tests.capabilities.test_capabilities_service.TestCapabilitiesService" name="test_initialization_request">
    <system-out />
  </testcase>
  <testcase timestamp="2023-04-13T21:28:07.041873" time="0.000000" classname="tests.connection.test_mysql_connection_service.TestMySQLConnectionService" name="test_connect">
    <system-out />
  </testcase>
  <testcase timestamp="2023-04-13T21:28:07.041873" time="0.015631" classname="tests.connection.test_mysql_connection_service.TestMySQLConnectionService" name="test_connect_with_access_token">
    <system-out />
  </testcase>
  <testcase timestamp="2023-04-13T21:28:07.057503" time="0.881437" classname="tests.connection.test_pg_connection_service.ConnectionServiceIntegrationTests" name="test_list_databases">
    <system-out />
  </testcase>
  <testcase timestamp="2023-04-13T21:28:07.938941" time="0.005506" classname="tests.connection.test_pg_connection_service.TestConnectionCancellation" name="test_connect_with_access_token">
    <system-out />
  </testcase>
  <testcase timestamp="2023-04-13T21:28:07.944447" time="0.042994" classname="tests.connection.test_pg_connection_service.TestConnectionCancellation" name="test_connecting_cancels_previous_connection">
    <system-out />
  </testcase>
  <testcase timestamp="2023-04-13T21:28:07.987440" time="0.000998" classname="tests.connection.test_pg_connection_service.TestConnectionCancellation" name="test_connecting_sets_cancellation_token">
    <system-out />
  </testcase>
  <testcase timestamp="2023-04-13T21:28:07.988439" time="0.000000" classname="tests.connection.test_pg_connection_service.TestConnectionCancellation" name="test_connection_failed_removes_own_token">
    <system-out />
  </testcase>
  <testcase timestamp="2023-04-13T21:28:07.988439" time="0.015930" classname="tests.connection.test_pg_connection_service.TestConnectionCancellation" name="test_handle_cancellation_no_match">
    <system-out />
  </testcase>
  <testcase timestamp="2023-04-13T21:28:08.004369" time="0.003069" classname="tests.connection.test_pg_connection_service.TestConnectionCancellation" name="test_handle_cancellation_request">
    <system-out />
  </testcase>
  <testcase timestamp="2023-04-13T21:28:08.007438" time="0.004148" classname="tests.connection.test_pg_connection_service.TestConnectionCancellation" name="test_newer_cancellation_token_not_removed">
    <system-out />
  </testcase>
  <testcase timestamp="2023-04-13T21:28:08.011587" time="0.009409" classname="tests.connection.test_pg_connection_service.TestPGConnectionService" name="test_build_connection_response">
    <system-out />
  </testcase>
  <testcase timestamp="2023-04-13T21:28:08.020996" time="0.006024" classname="tests.connection.test_pg_connection_service.TestPGConnectionService" name="test_changing_options_disconnects_existing_connection">
    <system-out />
  </testcase>
  <testcase timestamp="2023-04-13T21:28:08.027020" time="0.004975" classname="tests.connection.test_pg_connection_service.TestPGConnectionService" name="test_connect">
    <system-out />
  </testcase>
  <testcase timestamp="2023-04-13T21:28:08.031995" time="0.009003" classname="tests.connection.test_pg_connection_service.TestPGConnectionService" name="test_default_database">
    <system-out />
  </testcase>
  <testcase timestamp="2023-04-13T21:28:08.040998" time="0.007999" classname="tests.connection.test_pg_connection_service.TestPGConnectionService" name="test_disconnect_all_types">
    <system-out />
  </testcase>
  <testcase timestamp="2023-04-13T21:28:08.048997" time="0.006166" classname="tests.connection.test_pg_connection_service.TestPGConnectionService" name="test_disconnect_for_invalid_connection">
    <system-out />
  </testcase>
  <testcase timestamp="2023-04-13T21:28:08.055163" time="0.007461" classname="tests.connection.test_pg_connection_service.TestPGConnectionService" name="test_disconnect_single_type">
    <system-out />
  </testcase>
  <testcase timestamp="2023-04-13T21:28:08.062624" time="0.009883" classname="tests.connection.test_pg_connection_service.TestPGConnectionService" name="test_get_connection_creates_connection">
    <system-out />
  </testcase>
  <testcase timestamp="2023-04-13T21:28:08.072507" time="0.000000" classname="tests.connection.test_pg_connection_service.TestPGConnectionService" name="test_get_connection_for_existing_connection">
    <system-out />
  </testcase>
  <testcase timestamp="2023-04-13T21:28:08.072507" time="0.009027" classname="tests.connection.test_pg_connection_service.TestPGConnectionService" name="test_get_connection_for_invalid_uri">
    <system-out />
  </testcase>
  <testcase timestamp="2023-04-13T21:28:08.081534" time="0.007766" classname="tests.connection.test_pg_connection_service.TestPGConnectionService" name="test_get_connection_info">
    <system-out />
  </testcase>
  <testcase timestamp="2023-04-13T21:28:08.089300" time="0.005415" classname="tests.connection.test_pg_connection_service.TestPGConnectionService" name="test_get_connection_info_no_connection">
    <system-out />
  </testcase>
  <testcase timestamp="2023-04-13T21:28:08.094715" time="0.000000" classname="tests.connection.test_pg_connection_service.TestPGConnectionService" name="test_handle_connect_request">
    <system-out />
  </testcase>
  <testcase timestamp="2023-04-13T21:28:08.094715" time="0.018136" classname="tests.connection.test_pg_connection_service.TestPGConnectionService" name="test_handle_database_change_request">
    <system-out />
  </testcase>
  <testcase timestamp="2023-04-13T21:28:08.112852" time="0.001008" classname="tests.connection.test_pg_connection_service.TestPGConnectionService" name="test_handle_database_change_request_with_empty_connection_info_for_false">
    <system-out />
  </testcase>
  <testcase timestamp="2023-04-13T21:28:08.113860" time="0.010375" classname="tests.connection.test_pg_connection_service.TestPGConnectionService" name="test_handle_disconnect_request_unknown_uri">
    <system-out />
  </testcase>
  <testcase timestamp="2023-04-13T21:28:08.124234" time="0.006369" classname="tests.connection.test_pg_connection_service.TestPGConnectionService" name="test_list_databases">
    <system-out />
  </testcase>
  <testcase timestamp="2023-04-13T21:28:08.130604" time="0.006286" classname="tests.connection.test_pg_connection_service.TestPGConnectionService" name="test_list_databases_handles_invalid_uri">
    <system-out />
  </testcase>
  <testcase timestamp="2023-04-13T21:28:08.136890" time="0.008232" classname="tests.connection.test_pg_connection_service.TestPGConnectionService" name="test_list_databases_handles_query_failure">
    <system-out />
  </testcase>
  <testcase timestamp="2023-04-13T21:28:08.145122" time="0.009149" classname="tests.connection.test_pg_connection_service.TestPGConnectionService" name="test_non_default_database">
    <system-out />
  </testcase>
  <testcase timestamp="2023-04-13T21:28:08.154271" time="0.001765" classname="tests.connection.test_pg_connection_service.TestPGConnectionService" name="test_on_connect_backs_called_on_connect">
    <system-out />
  </testcase>
  <testcase timestamp="2023-04-13T21:28:08.156036" time="0.016308" classname="tests.connection.test_pg_connection_service.TestPGConnectionService" name="test_register_on_connect_callback">
    <system-out />
  </testcase>
  <testcase timestamp="2023-04-13T21:28:08.173153" time="0.000000" classname="tests.connection.test_pg_connection_service.TestPGConnectionService" name="test_response_when_connect_fails">
    <system-out />
  </testcase>
  <testcase timestamp="2023-04-13T21:28:08.173153" time="0.000000" classname="tests.connection.test_pg_connection_service.TestPGConnectionService" name="test_same_options_uses_existing_connection">
    <system-out />
  </testcase>
  <testcase timestamp="2023-04-13T21:28:08.173153" time="0.015758" classname="tests.connection.test_pg_connection_service.TestPGConnectionService" name="test_server_info_is_cloud">
    <system-out />
  </testcase>
  <testcase timestamp="2023-04-13T21:28:08.188911" time="0.000000" classname="tests.disaster_recovery.test_disaster_recovery_service.TestDisasterRecoveryService" name="test_cancel_backup">
    <system-out />
  </testcase>
  <testcase timestamp="2023-04-13T21:28:08.188911" time="0.019621" classname="tests.disaster_recovery.test_disaster_recovery_service.TestDisasterRecoveryService" name="test_canceled_task_does_not_spawn_process">
    <system-out />
  </testcase>
  <testcase timestamp="2023-04-13T21:28:08.208532" time="0.005009" classname="tests.disaster_recovery.test_disaster_recovery_service.TestDisasterRecoveryService" name="test_get_pg_exe_path_does_not_exist">
    <system-out />
  </testcase>
  <testcase timestamp="2023-04-13T21:28:08.213541" time="0.007992" classname="tests.disaster_recovery.test_disaster_recovery_service.TestDisasterRecoveryService" name="test_get_pg_exe_path_frozen_linux">
    <system-out />
  </testcase>
  <testcase timestamp="2023-04-13T21:28:08.221533" time="0.006011" classname="tests.disaster_recovery.test_disaster_recovery_service.TestDisasterRecoveryService" name="test_get_pg_exe_path_frozen_mac">
    <system-out />
  </testcase>
  <testcase timestamp="2023-04-13T21:28:08.228529" time="0.005013" classname="tests.disaster_recovery.test_disaster_recovery_service.TestDisasterRecoveryService" name="test_get_pg_exe_path_frozen_win">
    <system-out />
  </testcase>
  <testcase timestamp="2023-04-13T21:28:08.233542" time="0.003077" classname="tests.disaster_recovery.test_disaster_recovery_service.TestDisasterRecoveryService" name="test_get_pg_exe_path_local_linux">
    <system-out />
  </testcase>
  <testcase timestamp="2023-04-13T21:28:08.236620" time="0.008507" classname="tests.disaster_recovery.test_disaster_recovery_service.TestDisasterRecoveryService" name="test_get_pg_exe_path_local_mac">
    <system-out />
  </testcase>
  <testcase timestamp="2023-04-13T21:28:08.245127" time="0.000000" classname="tests.disaster_recovery.test_disaster_recovery_service.TestDisasterRecoveryService" name="test_get_pg_exe_path_local_win">
    <system-out />
  </testcase>
  <testcase timestamp="2023-04-13T21:28:08.245127" time="0.000000" classname="tests.disaster_recovery.test_disaster_recovery_service.TestDisasterRecoveryService" name="test_get_pg_server_folder_does_not_exist">
    <system-out />
  </testcase>
  <testcase timestamp="2023-04-13T21:28:08.245127" time="0.015666" classname="tests.disaster_recovery.test_disaster_recovery_service.TestDisasterRecoveryService" name="test_handle_backup_request">
    <system-out />
  </testcase>
  <testcase timestamp="2023-04-13T21:28:08.260793" time="0.015593" classname="tests.disaster_recovery.test_disaster_recovery_service.TestDisasterRecoveryService" name="test_handle_backup_request_no_connection">
    <system-out />
  </testcase>
  <testcase timestamp="2023-04-13T21:28:08.276386" time="0.019691" classname="tests.disaster_recovery.test_disaster_recovery_service.TestDisasterRecoveryService" name="test_handle_restore_request">
    <system-out />
  </testcase>
  <testcase timestamp="2023-04-13T21:28:08.296077" time="0.016998" classname="tests.disaster_recovery.test_disaster_recovery_service.TestDisasterRecoveryService" name="test_handle_restore_request_no_connection">
    <system-out />
  </testcase>
  <testcase timestamp="2023-04-13T21:28:08.313076" time="0.010001" classname="tests.disaster_recovery.test_disaster_recovery_service.TestDisasterRecoveryService" name="test_perform_backup">
    <system-out />
  </testcase>
  <testcase timestamp="2023-04-13T21:28:08.323077" time="0.009000" classname="tests.disaster_recovery.test_disaster_recovery_service.TestDisasterRecoveryService" name="test_perform_backup_fails">
    <system-out />
  </testcase>
  <testcase timestamp="2023-04-13T21:28:08.333076" time="0.008998" classname="tests.disaster_recovery.test_disaster_recovery_service.TestDisasterRecoveryService" name="test_perform_backup_no_exe">
    <system-out />
  </testcase>
  <testcase timestamp="2023-04-13T21:28:08.342075" time="0.008001" classname="tests.disaster_recovery.test_disaster_recovery_service.TestDisasterRecoveryService" name="test_perform_restore">
    <system-out />
  </testcase>
  <testcase timestamp="2023-04-13T21:28:08.351076" time="0.023856" classname="tests.disaster_recovery.test_disaster_recovery_service.TestDisasterRecoveryService" name="test_perform_restore_fails">
    <system-out />
  </testcase>
  <testcase timestamp="2023-04-13T21:28:08.374932" time="0.007000" classname="tests.disaster_recovery.test_disaster_recovery_service.TestDisasterRecoveryService" name="test_perform_restore_no_exe">
    <system-out />
  </testcase>
  <testcase timestamp="2023-04-13T21:28:08.381932" time="0.001002" classname="tests.edit_data.data_management.test_cell_update.TestCellUpdate" name="test_as_db_cell_value">
    <system-out />
  </testcase>
  <testcase timestamp="2023-04-13T21:28:08.382934" time="0.000000" classname="tests.edit_data.data_management.test_cell_update.TestCellUpdate" name="test_as_edit_cell">
    <system-out />
  </testcase>
  <testcase timestamp="2023-04-13T21:28:08.382934" time="0.001000" classname="tests.edit_data.data_management.test_cell_update.TestCellUpdate" name="test_create_raises_error_when_parser_not_found">
    <system-out />
  </testcase>
  <testcase timestamp="2023-04-13T21:28:08.383934" time="0.000000" classname="tests.edit_data.data_management.test_cell_update.TestCellUpdate" name="test_value_as_string">
    <system-out />
  </testcase>
  <testcase timestamp="2023-04-13T21:28:08.383934" time="0.001000" classname="tests.edit_data.data_management.test_cell_update.TestCellUpdate" name="test_value_set_to_right_text_with_str_datatype">
    <system-out />
  </testcase>
  <testcase timestamp="2023-04-13T21:28:08.384934" time="0.002290" classname="tests.edit_data.data_management.test_row_create.TestRowCreate" name="test_apply_changes">
    <system-out />
  </testcase>
  <testcase timestamp="2023-04-13T21:28:08.387225" time="0.000000" classname="tests.edit_data.data_management.test_row_create.TestRowCreate" name="test_get_edit_row">
    <system-out />
  </testcase>
  <testcase timestamp="2023-04-13T21:28:08.387225" time="0.000000" classname="tests.edit_data.data_management.test_row_create.TestRowCreate" name="test_get_script">
    <system-out />
  </testcase>
  <testcase timestamp="2023-04-13T21:28:08.387225" time="0.000000" classname="tests.edit_data.data_management.test_row_create.TestRowCreate" name="test_revert_cell_value">
    <system-out />
  </testcase>
  <testcase timestamp="2023-04-13T21:28:08.387225" time="0.000000" classname="tests.edit_data.data_management.test_row_create.TestRowCreate" name="test_set_cell_value_returns_edit_cell_response">
    <system-out />
  </testcase>
  <testcase timestamp="2023-04-13T21:28:08.387225" time="0.015627" classname="tests.edit_data.data_management.test_row_delete.TestRowDelete" name="test_apply_changes">
    <system-out />
  </testcase>
  <testcase timestamp="2023-04-13T21:28:08.402851" time="0.003488" classname="tests.edit_data.data_management.test_row_delete.TestRowDelete" name="test_get_edit_row">
    <system-out />
  </testcase>
  <testcase timestamp="2023-04-13T21:28:08.406340" time="0.000998" classname="tests.edit_data.data_management.test_row_delete.TestRowDelete" name="test_get_script">
    <system-out />
  </testcase>
  <testcase timestamp="2023-04-13T21:28:08.407337" time="0.001999" classname="tests.edit_data.data_management.test_row_delete.TestRowDelete" name="test_revert_cell_value_raises_exception">
    <system-out />
  </testcase>
  <testcase timestamp="2023-04-13T21:28:08.409337" time="0.001999" classname="tests.edit_data.data_management.test_row_delete.TestRowDelete" name="test_set_cell_value_raises_exception">
    <system-out />
  </testcase>
  <testcase timestamp="2023-04-13T21:28:08.411336" time="0.002000" classname="tests.edit_data.data_management.test_row_update.TestRowUpdate" name="test_set_cell_value_with_no_value_changed">
    <system-out />
  </testcase>
  <testcase timestamp="2023-04-13T21:28:08.413336" time="0.001000" classname="tests.edit_data.data_management.test_row_update.TestRowUpdate" name="test_set_cell_value_with_value_changed">
    <system-out />
  </testcase>
  <testcase timestamp="2023-04-13T21:28:08.414336" time="0.008001" classname="tests.edit_data.test_data_editor_session.TestDataEditorSession" name="test_commit_edit_fire_success">
    <system-out />
  </testcase>
  <testcase timestamp="2023-04-13T21:28:08.422337" time="0.003999" classname="tests.edit_data.test_data_editor_session.TestDataEditorSession" name="test_commit_edit_not_initialized">
    <system-out />
  </testcase>
  <testcase timestamp="2023-04-13T21:28:08.426336" time="0.004000" classname="tests.edit_data.test_data_editor_session.TestDataEditorSession" name="test_commit_edit_with_none_failure_handler">
    <system-out />
  </testcase>
  <testcase timestamp="2023-04-13T21:28:08.430336" time="0.004000" classname="tests.edit_data.test_data_editor_session.TestDataEditorSession" name="test_commit_edit_with_none_success_handler">
    <system-out />
  </testcase>
  <testcase timestamp="2023-04-13T21:28:08.434336" time="0.003048" classname="tests.edit_data.test_data_editor_session.TestDataEditorSession" name="test_commit_edit_with_null_connection">
    <system-out />
  </testcase>
  <testcase timestamp="2023-04-13T21:28:08.437384" time="0.000000" classname="tests.edit_data.test_data_editor_session.TestDataEditorSession" name="test_commit_when_its_a_existing_row_thats_being_deleted">
    <system-out />
  </testcase>
  <testcase timestamp="2023-04-13T21:28:08.437384" time="0.008008" classname="tests.edit_data.test_data_editor_session.TestDataEditorSession" name="test_commit_when_its_a_new_row_thats_being_deleted">
    <system-out />
  </testcase>
  <testcase timestamp="2023-04-13T21:28:08.445392" time="0.000000" classname="tests.edit_data.test_data_editor_session.TestDataEditorSession" name="test_create_row">
    <system-out />
  </testcase>
  <testcase timestamp="2023-04-13T21:28:08.445392" time="0.000000" classname="tests.edit_data.test_data_editor_session.TestDataEditorSession" name="test_create_row_not_initialized">
    <system-out />
  </testcase>
  <testcase timestamp="2023-04-13T21:28:08.445392" time="0.015640" classname="tests.edit_data.test_data_editor_session.TestDataEditorSession" name="test_delete_row">
    <system-out />
  </testcase>
  <testcase timestamp="2023-04-13T21:28:08.461032" time="0.000000" classname="tests.edit_data.test_data_editor_session.TestDataEditorSession" name="test_delete_row_not_initialized">
    <system-out />
  </testcase>
  <testcase timestamp="2023-04-13T21:28:08.461032" time="0.000000" classname="tests.edit_data.test_data_editor_session.TestDataEditorSession" name="test_delete_row_with_rowid_out_of_range">
    <system-out />
  </testcase>
  <testcase timestamp="2023-04-13T21:28:08.461032" time="0.000000" classname="tests.edit_data.test_data_editor_session.TestDataEditorSession" name="test_get_rows_when_start_index_is_equal_to_row_count">
    <system-out />
  </testcase>
  <testcase timestamp="2023-04-13T21:28:08.461032" time="0.015627" classname="tests.edit_data.test_data_editor_session.TestDataEditorSession" name="test_initialize_calls_failure_when_query_status_is_not_executed">
    <system-out />
  </testcase>
  <testcase timestamp="2023-04-13T21:28:08.476660" time="0.000000" classname="tests.edit_data.test_data_editor_session.TestDataEditorSession" name="test_initialize_calls_queryexecuter_with_query_with_filters">
    <system-out />
  </testcase>
  <testcase timestamp="2023-04-13T21:28:08.476660" time="0.000000" classname="tests.edit_data.test_data_editor_session.TestDataEditorSession" name="test_initialize_calls_success">
    <system-out />
  </testcase>
  <testcase timestamp="2023-04-13T21:28:08.476660" time="0.015624" classname="tests.edit_data.test_data_editor_session.TestDataEditorSession" name="test_initialize_gets_metadata">
    <system-out />
  </testcase>
  <testcase timestamp="2023-04-13T21:28:08.492283" time="0.000000" classname="tests.edit_data.test_data_editor_session.TestDataEditorSession" name="test_initialize_when_query_is_null">
    <system-out />
  </testcase>
  <testcase timestamp="2023-04-13T21:28:08.492283" time="0.000000" classname="tests.edit_data.test_data_editor_session.TestDataEditorSession" name="test_revert_row_not_initialized">
    <system-out />
  </testcase>
  <testcase timestamp="2023-04-13T21:28:08.492283" time="0.000000" classname="tests.edit_data.test_data_editor_session.TestDataEditorSession" name="test_revert_row_when_row_does_not_exists">
    <system-out />
  </testcase>
  <testcase timestamp="2023-04-13T21:28:08.492283" time="0.015621" classname="tests.edit_data.test_data_editor_session.TestDataEditorSession" name="test_revert_row_when_row_exists">
    <system-out />
  </testcase>
  <testcase timestamp="2023-04-13T21:28:08.507905" time="0.000000" classname="tests.edit_data.test_data_editor_session.TestDataEditorSession" name="test_revert_row_with_rowid_out_of_range">
    <system-out />
  </testcase>
  <testcase timestamp="2023-04-13T21:28:08.507905" time="0.000000" classname="tests.edit_data.test_data_editor_session.TestDataEditorSession" name="test_update_cell_not_initialized">
    <system-out />
  </testcase>
  <testcase timestamp="2023-04-13T21:28:08.507905" time="0.000000" classname="tests.edit_data.test_data_editor_session.TestDataEditorSession" name="test_update_cell_when_in_cache">
    <system-out />
  </testcase>
  <testcase timestamp="2023-04-13T21:28:08.507905" time="0.015629" classname="tests.edit_data.test_data_editor_session.TestDataEditorSession" name="test_update_cell_with_rowid_out_of_range">
    <system-out />
  </testcase>
  <testcase timestamp="2023-04-13T21:28:08.523534" time="0.013864" classname="tests.edit_data.test_edit_data_service.TestEditDataService" name="test_commit_when_edit_session_is_not_available">
    <system-out />
  </testcase>
  <testcase timestamp="2023-04-13T21:28:08.537398" time="0.007992" classname="tests.edit_data.test_edit_data_service.TestEditDataService" name="test_create_row_operation">
    <system-out />
  </testcase>
  <testcase timestamp="2023-04-13T21:28:08.545390" time="0.008142" classname="tests.edit_data.test_edit_data_service.TestEditDataService" name="test_delete_row_operation">
    <system-out />
  </testcase>
  <testcase timestamp="2023-04-13T21:28:08.553531" time="0.000000" classname="tests.edit_data.test_edit_data_service.TestEditDataService" name="test_dispose_when_edit_session_available">
    <system-out />
  </testcase>
  <testcase timestamp="2023-04-13T21:28:08.553531" time="0.000000" classname="tests.edit_data.test_edit_data_service.TestEditDataService" name="test_dispose_when_edit_session_is_not_available">
    <system-out />
  </testcase>
  <testcase timestamp="2023-04-13T21:28:08.553531" time="0.023811" classname="tests.edit_data.test_edit_data_service.TestEditDataService" name="test_edit_initialize">
    <system-out />
  </testcase>
  <testcase timestamp="2023-04-13T21:28:08.577343" time="0.008000" classname="tests.edit_data.test_edit_data_service.TestEditDataService" name="test_initialization">
    <system-out />
  </testcase>
  <testcase timestamp="2023-04-13T21:28:08.585343" time="0.006029" classname="tests.edit_data.test_edit_data_service.TestEditDataService" name="test_initialization_with_empty_object_name">
    <system-out />
  </testcase>
  <testcase timestamp="2023-04-13T21:28:08.591372" time="0.005999" classname="tests.edit_data.test_edit_data_service.TestEditDataService" name="test_initialization_with_empty_object_type">
    <system-out />
  </testcase>
  <testcase timestamp="2023-04-13T21:28:08.597371" time="0.008193" classname="tests.edit_data.test_edit_data_service.TestEditDataService" name="test_initialization_with_none_as_owner_uri">
    <system-out />
  </testcase>
  <testcase timestamp="2023-04-13T21:28:08.605564" time="0.006000" classname="tests.edit_data.test_edit_data_service.TestEditDataService" name="test_initialization_with_none_as_schema_param">
    <system-out />
  </testcase>
  <testcase timestamp="2023-04-13T21:28:08.611563" time="0.006000" classname="tests.edit_data.test_edit_data_service.TestEditDataService" name="test_register_should_initlialize_states">
    <system-out />
  </testcase>
  <testcase timestamp="2023-04-13T21:28:08.617563" time="0.006028" classname="tests.edit_data.test_edit_data_service.TestEditDataService" name="test_register_should_log_service_initialized">
    <system-out />
  </testcase>
  <testcase timestamp="2023-04-13T21:28:08.623592" time="0.007970" classname="tests.edit_data.test_edit_data_service.TestEditDataService" name="test_register_should_set_request_handler_for_service_actions">
    <system-out />
  </testcase>
  <testcase timestamp="2023-04-13T21:28:08.631562" time="0.007314" classname="tests.edit_data.test_edit_data_service.TestEditDataService" name="test_revert_cell_operation">
    <system-out />
  </testcase>
  <testcase timestamp="2023-04-13T21:28:08.638876" time="0.008970" classname="tests.edit_data.test_edit_data_service.TestEditDataService" name="test_revert_row_operation">
    <system-out />
  </testcase>
  <testcase timestamp="2023-04-13T21:28:08.647846" time="0.008000" classname="tests.edit_data.test_edit_data_service.TestEditDataService" name="test_update_cell_with_active_session">
    <system-out />
  </testcase>
  <testcase timestamp="2023-04-13T21:28:08.655846" time="0.006000" classname="tests.edit_data.test_edit_data_service.TestEditDataService" name="test_update_cell_with_no_active_session">
    <system-out />
  </testcase>
  <testcase timestamp="2023-04-13T21:28:08.662846" time="0.003000" classname="tests.edit_data.test_smo_edit_table_metadata_factory.TestSmoEditTableMetadataFactory" name="test_get_with_other_type_raises_exception">
    <system-out />
  </testcase>
  <testcase timestamp="2023-04-13T21:28:08.665846" time="0.003000" classname="tests.edit_data.test_smo_edit_table_metadata_factory.TestSmoEditTableMetadataFactory" name="test_get_with_table_type">
    <system-out />
  </testcase>
  <testcase timestamp="2023-04-13T21:28:08.668846" time="0.002002" classname="tests.edit_data.test_smo_edit_table_metadata_factory.TestSmoEditTableMetadataFactory" name="test_get_with_view_type">
    <system-out />
  </testcase>
  <testcase timestamp="2023-04-13T21:28:08.671846" time="0.001000" classname="tests.hosting.test_messages.JsonRpcMessageTests" name="test_create_error">
    <system-out />
  </testcase>
  <testcase timestamp="2023-04-13T21:28:08.672846" time="0.000999" classname="tests.hosting.test_messages.JsonRpcMessageTests" name="test_create_notification">
    <system-out />
  </testcase>
  <testcase timestamp="2023-04-13T21:28:08.673846" time="0.000000" classname="tests.hosting.test_messages.JsonRpcMessageTests" name="test_create_request">
    <system-out />
  </testcase>
  <testcase timestamp="2023-04-13T21:28:08.673846" time="0.001000" classname="tests.hosting.test_messages.JsonRpcMessageTests" name="test_create_response">
    <system-out />
  </testcase>
  <testcase timestamp="2023-04-13T21:28:08.674846" time="0.001000" classname="tests.hosting.test_messages.JsonRpcMessageTests" name="test_from_dict_error">
    <system-out />
  </testcase>
  <testcase timestamp="2023-04-13T21:28:08.675846" time="0.000000" classname="tests.hosting.test_messages.JsonRpcMessageTests" name="test_from_dict_invalid_notification">
    <system-out />
  </testcase>
  <testcase timestamp="2023-04-13T21:28:08.675846" time="0.001019" classname="tests.hosting.test_messages.JsonRpcMessageTests" name="test_from_dict_notification">
    <system-out />
  </testcase>
  <testcase timestamp="2023-04-13T21:28:08.676865" time="0.000981" classname="tests.hosting.test_messages.JsonRpcMessageTests" name="test_from_dict_request">
    <system-out />
  </testcase>
  <testcase timestamp="2023-04-13T21:28:08.677845" time="0.000000" classname="tests.hosting.test_messages.JsonRpcMessageTests" name="test_from_dict_request_invalid">
    <system-out />
  </testcase>
  <testcase timestamp="2023-04-13T21:28:08.677845" time="0.001000" classname="tests.hosting.test_messages.JsonRpcMessageTests" name="test_from_dict_response">
    <system-out />
  </testcase>
  <testcase timestamp="2023-04-13T21:28:08.678845" time="0.000000" classname="tests.hosting.test_messages.JsonRpcMessageTests" name="test_from_dict_response_invalid">
    <system-out />
  </testcase>
  <testcase timestamp="2023-04-13T21:28:08.678845" time="0.003000" classname="tests.hosting.test_reader.JSONRPCReaderTests" name="test_closes">
    <system-out />
  </testcase>
  <testcase timestamp="2023-04-13T21:28:08.681846" time="0.005133" classname="tests.hosting.test_reader.JSONRPCReaderTests" name="test_closes_exception">
    <system-out />
  </testcase>
  <testcase timestamp="2023-04-13T21:28:08.686979" time="0.003003" classname="tests.hosting.test_reader.JSONRPCReaderTests" name="test_create_nonstandard_encoding">
    <system-out />
  </testcase>
  <testcase timestamp="2023-04-13T21:28:08.689982" time="0.003028" classname="tests.hosting.test_reader.JSONRPCReaderTests" name="test_create_standard_encoding">
    <system-out />
  </testcase>
  <testcase timestamp="2023-04-13T21:28:08.693010" time="0.003971" classname="tests.hosting.test_reader.JSONRPCReaderTests" name="test_read_content_not_enough_buffer">
    <system-out />
  </testcase>
  <testcase timestamp="2023-04-13T21:28:08.696981" time="0.003000" classname="tests.hosting.test_reader.JSONRPCReaderTests" name="test_read_content_success">
    <system-out />
  </testcase>
  <testcase timestamp="2023-04-13T21:28:08.699981" time="0.005001" classname="tests.hosting.test_reader.JSONRPCReaderTests" name="test_read_headers_bad_format">
    <system-out />
  </testcase>
  <testcase timestamp="2023-04-13T21:28:08.704982" time="0.004001" classname="tests.hosting.test_reader.JSONRPCReaderTests" name="test_read_headers_no_colon">
    <system-out />
  </testcase>
  <testcase timestamp="2023-04-13T21:28:08.708983" time="0.003999" classname="tests.hosting.test_reader.JSONRPCReaderTests" name="test_read_headers_no_content_length">
    <system-out />
  </testcase>
  <testcase timestamp="2023-04-13T21:28:08.712982" time="0.002998" classname="tests.hosting.test_reader.JSONRPCReaderTests" name="test_read_headers_not_found">
    <system-out />
  </testcase>
  <testcase timestamp="2023-04-13T21:28:08.715981" time="0.003007" classname="tests.hosting.test_reader.JSONRPCReaderTests" name="test_read_headers_success">
    <system-out />
  </testcase>
  <testcase timestamp="2023-04-13T21:28:08.718988" time="0.004994" classname="tests.hosting.test_reader.JSONRPCReaderTests" name="test_read_message_invalid_json">
    <system-out />
  </testcase>
  <testcase timestamp="2023-04-13T21:28:08.723982" time="0.041999" classname="tests.hosting.test_reader.JSONRPCReaderTests" name="test_read_message_multi_read_content">
    <system-out />
  </testcase>
  <testcase timestamp="2023-04-13T21:28:08.765981" time="0.004035" classname="tests.hosting.test_reader.JSONRPCReaderTests" name="test_read_message_multi_read_header">
    <system-out />
  </testcase>
  <testcase timestamp="2023-04-13T21:28:08.770017" time="0.003990" classname="tests.hosting.test_reader.JSONRPCReaderTests" name="test_read_message_single_read">
    <system-out />
  </testcase>
  <testcase timestamp="2023-04-13T21:28:08.774007" time="0.002975" classname="tests.hosting.test_reader.JSONRPCReaderTests" name="test_read_multiple_messages">
    <system-out />
  </testcase>
  <testcase timestamp="2023-04-13T21:28:08.776982" time="0.004028" classname="tests.hosting.test_reader.JSONRPCReaderTests" name="test_read_next_chunk_closed">
    <system-out />
  </testcase>
  <testcase timestamp="2023-04-13T21:28:08.781010" time="0.003972" classname="tests.hosting.test_reader.JSONRPCReaderTests" name="test_read_next_chunk_eof">
    <system-out />
  </testcase>
  <testcase timestamp="2023-04-13T21:28:08.784982" time="0.003999" classname="tests.hosting.test_reader.JSONRPCReaderTests" name="test_read_next_chunk_resize">
    <system-out />
  </testcase>
  <testcase timestamp="2023-04-13T21:28:08.788981" time="0.003024" classname="tests.hosting.test_reader.JSONRPCReaderTests" name="test_read_next_chunk_success">
    <system-out />
  </testcase>
  <testcase timestamp="2023-04-13T21:28:08.792005" time="0.003975" classname="tests.hosting.test_reader.JSONRPCReaderTests" name="test_read_recover_from_content_message">
    <system-out />
  </testcase>
  <testcase timestamp="2023-04-13T21:28:08.795981" time="0.003024" classname="tests.hosting.test_reader.JSONRPCReaderTests" name="test_read_recover_from_header_message">
    <system-out />
  </testcase>
  <testcase timestamp="2023-04-13T21:28:08.799004" time="0.001001" classname="tests.hosting.test_server.JSONRPCServerTests" name="test_add_shutdown_handler">
    <system-out />
  </testcase>
  <testcase timestamp="2023-04-13T21:28:08.800005" time="0.004976" classname="tests.hosting.test_server.JSONRPCServerTests" name="test_dispatch_invalid">
    <system-out />
  </testcase>
  <testcase timestamp="2023-04-13T21:28:08.804982" time="0.001522" classname="tests.hosting.test_server.JSONRPCServerTests" name="test_dispatch_notification_no_handler">
    <system-out />
  </testcase>
  <testcase timestamp="2023-04-13T21:28:08.806504" time="0.000000" classname="tests.hosting.test_server.JSONRPCServerTests" name="test_dispatch_notification_none_class">
    <system-out />
  </testcase>
  <testcase timestamp="2023-04-13T21:28:08.806504" time="0.000000" classname="tests.hosting.test_server.JSONRPCServerTests" name="test_dispatch_notification_normal">
    <system-out />
  </testcase>
  <testcase timestamp="2023-04-13T21:28:08.806504" time="0.018528" classname="tests.hosting.test_server.JSONRPCServerTests" name="test_dispatch_request_no_handler">
    <system-out />
  </testcase>
  <testcase timestamp="2023-04-13T21:28:08.825032" time="0.003166" classname="tests.hosting.test_server.JSONRPCServerTests" name="test_dispatch_request_none_class">
    <system-out />
  </testcase>
  <testcase timestamp="2023-04-13T21:28:08.828198" time="0.000000" classname="tests.hosting.test_server.JSONRPCServerTests" name="test_dispatch_request_normal">
    <system-out />
  </testcase>
  <testcase timestamp="2023-04-13T21:28:08.828198" time="0.009816" classname="tests.hosting.test_server.JSONRPCServerTests" name="test_dispatch_response_error">
    <system-out />
  </testcase>
  <testcase timestamp="2023-04-13T21:28:08.838014" time="0.003273" classname="tests.hosting.test_server.JSONRPCServerTests" name="test_dispatch_response_success">
    <system-out />
  </testcase>
  <testcase timestamp="2023-04-13T21:28:08.841287" time="0.001556" classname="tests.hosting.test_server.JSONRPCServerTests" name="test_echo_request">
    <system-out />
  </testcase>
  <testcase timestamp="2023-04-13T21:28:08.842843" time="0.001007" classname="tests.hosting.test_server.JSONRPCServerTests" name="test_handler_init">
    <system-out />
  </testcase>
  <testcase timestamp="2023-04-13T21:28:08.843851" time="0.000000" classname="tests.hosting.test_server.JSONRPCServerTests" name="test_notification_context_init_test">
    <system-out />
  </testcase>
  <testcase timestamp="2023-04-13T21:28:08.843851" time="0.001001" classname="tests.hosting.test_server.JSONRPCServerTests" name="test_notification_context_send">
    <system-out />
  </testcase>
  <testcase timestamp="2023-04-13T21:28:08.844851" time="0.001008" classname="tests.hosting.test_server.JSONRPCServerTests" name="test_notification_enqueued">
    <system-out />
  </testcase>
  <testcase timestamp="2023-04-13T21:28:08.845860" time="1.008908" classname="tests.hosting.test_server.JSONRPCServerTests" name="test_read_multiple_messages">
    <system-out />
  </testcase>
  <testcase timestamp="2023-04-13T21:28:09.854768" time="1.008693" classname="tests.hosting.test_server.JSONRPCServerTests" name="test_reads_message">
    <system-out />
  </testcase>
  <testcase timestamp="2023-04-13T21:28:10.863460" time="0.000000" classname="tests.hosting.test_server.JSONRPCServerTests" name="test_request_context_init_test">
    <system-out />
  </testcase>
  <testcase timestamp="2023-04-13T21:28:10.863460" time="0.000000" classname="tests.hosting.test_server.JSONRPCServerTests" name="test_request_context_send_error">
    <system-out />
  </testcase>
  <testcase timestamp="2023-04-13T21:28:10.863460" time="0.000000" classname="tests.hosting.test_server.JSONRPCServerTests" name="test_request_context_send_notification">
    <system-out />
  </testcase>
  <testcase timestamp="2023-04-13T21:28:10.863460" time="0.000000" classname="tests.hosting.test_server.JSONRPCServerTests" name="test_request_context_send_response">
    <system-out />
  </testcase>
  <testcase timestamp="2023-04-13T21:28:10.863460" time="0.000000" classname="tests.hosting.test_server.JSONRPCServerTests" name="test_request_enqueued">
    <system-out />
  </testcase>
  <testcase timestamp="2023-04-13T21:28:10.863460" time="0.000000" classname="tests.hosting.test_server.JSONRPCServerTests" name="test_server_init">
    <system-out />
  </testcase>
  <testcase timestamp="2023-04-13T21:28:10.863460" time="0.000000" classname="tests.hosting.test_server.JSONRPCServerTests" name="test_set_notification_handler">
    <system-out />
  </testcase>
  <testcase timestamp="2023-04-13T21:28:10.863460" time="0.000000" classname="tests.hosting.test_server.JSONRPCServerTests" name="test_set_request_handler">
    <system-out />
  </testcase>
  <testcase timestamp="2023-04-13T21:28:10.863460" time="0.015625" classname="tests.hosting.test_server.JSONRPCServerTests" name="test_shutdown_request">
    <system-out />
  </testcase>
  <testcase timestamp="2023-04-13T21:28:10.879085" time="0.000000" classname="tests.hosting.test_server.JSONRPCServerTests" name="test_version_request">
    <system-out />
  </testcase>
  <testcase timestamp="2023-04-13T21:28:10.879085" time="0.000000" classname="tests.hosting.test_service_provider.TestServiceProvider" name="test_get_service">
    <system-out />
  </testcase>
  <testcase timestamp="2023-04-13T21:28:10.879085" time="0.015625" classname="tests.hosting.test_service_provider.TestServiceProvider" name="test_get_service_not_initialized">
    <system-out />
  </testcase>
  <testcase timestamp="2023-04-13T21:28:10.894710" time="0.000000" classname="tests.hosting.test_service_provider.TestServiceProvider" name="test_init">
    <system-out />
  </testcase>
  <testcase timestamp="2023-04-13T21:28:10.894710" time="0.000000" classname="tests.hosting.test_service_provider.TestServiceProvider" name="test_initialize">
    <system-out />
  </testcase>
  <testcase timestamp="2023-04-13T21:28:10.894710" time="0.015624" classname="tests.hosting.test_service_provider.TestServiceProvider" name="test_initialize_already_initialized">
    <system-out />
  </testcase>
  <testcase timestamp="2023-04-13T21:28:10.910334" time="0.000000" classname="tests.hosting.test_writer.JSONRPCWriterTests" name="test_close">
    <system-out />
  </testcase>
  <testcase timestamp="2023-04-13T21:28:10.910334" time="0.000000" classname="tests.hosting.test_writer.JSONRPCWriterTests" name="test_closes_exception">
    <system-out />
  </testcase>
  <testcase timestamp="2023-04-13T21:28:10.910334" time="0.015628" classname="tests.hosting.test_writer.JSONRPCWriterTests" name="test_create_nonstandard_encoding">
    <system-out />
  </testcase>
  <testcase timestamp="2023-04-13T21:28:10.925961" time="0.000000" classname="tests.hosting.test_writer.JSONRPCWriterTests" name="test_create_standard_encoding">
    <system-out />
  </testcase>
  <testcase timestamp="2023-04-13T21:28:10.925961" time="0.000000" classname="tests.hosting.test_writer.JSONRPCWriterTests" name="test_send_message">
    <system-out />
  </testcase>
  <testcase timestamp="2023-04-13T21:28:10.925961" time="0.000000" classname="tests.language.completion.parseutils.test_ctes.TestCTEs" name="test_aliased_expression_name_extraction">
    <system-out />
  </testcase>
  <testcase timestamp="2023-04-13T21:28:10.925961" time="0.000000" classname="tests.language.completion.parseutils.test_ctes.TestCTEs" name="test_aliased_multiple_column_name_extraction">
    <system-out />
  </testcase>
  <testcase timestamp="2023-04-13T21:28:10.925961" time="0.000000" classname="tests.language.completion.parseutils.test_ctes.TestCTEs" name="test_aliased_single_column_name_extraction">
    <system-out />
  </testcase>
  <testcase timestamp="2023-04-13T21:28:10.925961" time="0.000000" classname="tests.language.completion.parseutils.test_ctes.TestCTEs" name="test_cte_extraction_around_comments">
    <system-out />
  </testcase>
  <testcase timestamp="2023-04-13T21:28:10.925961" time="0.015620" classname="tests.language.completion.parseutils.test_ctes.TestCTEs" name="test_extract_column_names_from_returning_clause_0_INSERT_INTO_foo_x_y_z_VALUES_5_6_7_RETURNING_x_y">
    <system-out />
  </testcase>
  <testcase timestamp="2023-04-13T21:28:10.941582" time="0.000000" classname="tests.language.completion.parseutils.test_ctes.TestCTEs" name="test_extract_column_names_from_returning_clause_1_DELETE_FROM_foo_WHERE_x_y_RETURNING_x_y">
    <system-out />
  </testcase>
  <testcase timestamp="2023-04-13T21:28:10.941582" time="0.006505" classname="tests.language.completion.parseutils.test_ctes.TestCTEs" name="test_extract_column_names_from_returning_clause_2_UPDATE_foo_SET_x_9_RETURNING_x_y">
    <system-out />
  </testcase>
  <testcase timestamp="2023-04-13T21:28:10.948087" time="0.000000" classname="tests.language.completion.parseutils.test_ctes.TestCTEs" name="test_missing_column_name_handled_gracefully">
    <system-out />
  </testcase>
  <testcase timestamp="2023-04-13T21:28:10.948087" time="0.000000" classname="tests.language.completion.parseutils.test_ctes.TestCTEs" name="test_multiple_column_name_extraction">
    <system-out />
  </testcase>
  <testcase timestamp="2023-04-13T21:28:10.948087" time="0.000000" classname="tests.language.completion.parseutils.test_ctes.TestCTEs" name="test_multiple_cte_extraction">
    <system-out />
  </testcase>
  <testcase timestamp="2023-04-13T21:28:10.948087" time="0.000000" classname="tests.language.completion.parseutils.test_ctes.TestCTEs" name="test_simple_cte_extraction">
    <system-out />
  </testcase>
  <testcase timestamp="2023-04-13T21:28:10.948087" time="0.000000" classname="tests.language.completion.parseutils.test_ctes.TestCTEs" name="test_single_column_name_extraction">
    <system-out />
  </testcase>
  <testcase timestamp="2023-04-13T21:28:10.948087" time="0.015630" classname="tests.language.completion.parseutils.test_ctes.TestCTEs" name="test_table_qualified_column_name_extraction">
    <system-out />
  </testcase>
  <testcase timestamp="2023-04-13T21:28:10.963718" time="0.000000" classname="tests.language.completion.parseutils.test_ctes.TestCTEs" name="test_token_str_pos">
    <system-out />
  </testcase>
  <testcase timestamp="2023-04-13T21:28:10.963718" time="0.000000" classname="tests.language.completion.parseutils.test_function_metadata.TestFunctionMetadata" name="test_function_metadata_eq">
    <system-out />
  </testcase>
  <testcase timestamp="2023-04-13T21:28:10.963718" time="0.000000" classname="tests.language.completion.parseutils.test_parseutils.TestParseUtils" name="test_complex_table_and_function">
    <system-out />
  </testcase>
  <testcase timestamp="2023-04-13T21:28:10.963718" time="0.000000" classname="tests.language.completion.parseutils.test_parseutils.TestParseUtils" name="test_empty_string">
    <system-out />
  </testcase>
  <testcase timestamp="2023-04-13T21:28:10.963718" time="0.000000" classname="tests.language.completion.parseutils.test_parseutils.TestParseUtils" name="test_extract_no_tables_0_SELECT_FROM_foo_">
    <system-out />
  </testcase>
  <testcase timestamp="2023-04-13T21:28:10.963718" time="0.000000" classname="tests.language.completion.parseutils.test_parseutils.TestParseUtils" name="test_extract_no_tables_1_SELECT_123_AS_foo">
    <system-out />
  </testcase>
  <testcase timestamp="2023-04-13T21:28:10.963718" time="0.000000" classname="tests.language.completion.parseutils.test_parseutils.TestParseUtils" name="test_find_prev_keyword_open_parens_0_create_table_foo_bar_int_baz_">
    <system-out />
  </testcase>
  <testcase timestamp="2023-04-13T21:28:10.963718" time="0.000000" classname="tests.language.completion.parseutils.test_parseutils.TestParseUtils" name="test_find_prev_keyword_open_parens_1_select_from_foo_as_bar_baz_">
    <system-out />
  </testcase>
  <testcase timestamp="2023-04-13T21:28:10.963718" time="0.015624" classname="tests.language.completion.parseutils.test_parseutils.TestParseUtils" name="test_find_prev_keyword_using">
    <system-out />
  </testcase>
  <testcase timestamp="2023-04-13T21:28:10.979342" time="0.000000" classname="tests.language.completion.parseutils.test_parseutils.TestParseUtils" name="test_find_prev_keyword_where_0_select_from_foo_where_bar">
    <system-out />
  </testcase>
  <testcase timestamp="2023-04-13T21:28:10.979342" time="0.000000" classname="tests.language.completion.parseutils.test_parseutils.TestParseUtils" name="test_find_prev_keyword_where_1_select_from_foo_where_bar_1_and_baz_or_">
    <system-out />
  </testcase>
  <testcase timestamp="2023-04-13T21:28:10.979342" time="0.000000" classname="tests.language.completion.parseutils.test_parseutils.TestParseUtils" name="test_find_prev_keyword_where_2_select_from_foo_where_bar_1_and_baz_between_qux_and_">
    <system-out />
  </testcase>
  <testcase timestamp="2023-04-13T21:28:10.979342" time="0.000000" classname="tests.language.completion.parseutils.test_parseutils.TestParseUtils" name="test_incomplete_join_clause">
    <system-out />
  </testcase>
  <testcase timestamp="2023-04-13T21:28:10.979342" time="0.000000" classname="tests.language.completion.parseutils.test_parseutils.TestParseUtils" name="test_is_open_quote__closed_0_">
    <system-out />
  </testcase>
  <testcase timestamp="2023-04-13T21:28:10.979342" time="0.000000" classname="tests.language.completion.parseutils.test_parseutils.TestParseUtils" name="test_is_open_quote__closed_1__foo_">
    <system-out />
  </testcase>
  <testcase timestamp="2023-04-13T21:28:10.979342" time="0.015627" classname="tests.language.completion.parseutils.test_parseutils.TestParseUtils" name="test_is_open_quote__closed_2__foo_">
    <system-out />
  </testcase>
  <testcase timestamp="2023-04-13T21:28:10.994969" time="0.000000" classname="tests.language.completion.parseutils.test_parseutils.TestParseUtils" name="test_is_open_quote__closed_3__foo_">
    <system-out />
  </testcase>
  <testcase timestamp="2023-04-13T21:28:10.994969" time="0.000000" classname="tests.language.completion.parseutils.test_parseutils.TestParseUtils" name="test_is_open_quote__closed_4__a_">
    <system-out />
  </testcase>
  <testcase timestamp="2023-04-13T21:28:10.994969" time="0.000000" classname="tests.language.completion.parseutils.test_parseutils.TestParseUtils" name="test_is_open_quote__closed_5__a_a_">
    <system-out />
  </testcase>
  <testcase timestamp="2023-04-13T21:28:10.994969" time="0.000000" classname="tests.language.completion.parseutils.test_parseutils.TestParseUtils" name="test_is_open_quote__closed_6_foo_bar_baz_">
    <system-out />
  </testcase>
  <testcase timestamp="2023-04-13T21:28:10.994969" time="0.000000" classname="tests.language.completion.parseutils.test_parseutils.TestParseUtils" name="test_is_open_quote__open_0__">
    <system-out />
  </testcase>
  <testcase timestamp="2023-04-13T21:28:10.994969" time="0.000000" classname="tests.language.completion.parseutils.test_parseutils.TestParseUtils" name="test_is_open_quote__open_1__">
    <system-out />
  </testcase>
  <testcase timestamp="2023-04-13T21:28:10.994969" time="0.000000" classname="tests.language.completion.parseutils.test_parseutils.TestParseUtils" name="test_is_open_quote__open_2_foo_bar_foo_">
    <system-out />
  </testcase>
  <testcase timestamp="2023-04-13T21:28:10.994969" time="0.000000" classname="tests.language.completion.parseutils.test_parseutils.TestParseUtils" name="test_is_open_quote__open_3__foo_a_">
    <system-out />
  </testcase>
  <testcase timestamp="2023-04-13T21:28:10.994969" time="0.000000" classname="tests.language.completion.parseutils.test_parseutils.TestParseUtils" name="test_is_open_quote__open_4_foo_bar_baz">
    <system-out />
  </testcase>
  <testcase timestamp="2023-04-13T21:28:10.994969" time="0.000000" classname="tests.language.completion.parseutils.test_parseutils.TestParseUtils" name="test_is_open_quote__open_5__a_foo_">
    <system-out />
  </testcase>
  <testcase timestamp="2023-04-13T21:28:10.994969" time="0.000000" classname="tests.language.completion.parseutils.test_parseutils.TestParseUtils" name="test_is_open_quote__open_6__foo_">
    <system-out />
  </testcase>
  <testcase timestamp="2023-04-13T21:28:10.994969" time="0.000000" classname="tests.language.completion.parseutils.test_parseutils.TestParseUtils" name="test_is_open_quote__open_7__a_">
    <system-out />
  </testcase>
  <testcase timestamp="2023-04-13T21:28:10.994969" time="0.000000" classname="tests.language.completion.parseutils.test_parseutils.TestParseUtils" name="test_is_open_quote__open_8_foo_bar_baz">
    <system-out />
  </testcase>
  <testcase timestamp="2023-04-13T21:28:10.994969" time="0.015624" classname="tests.language.completion.parseutils.test_parseutils.TestParseUtils" name="test_join_as_table">
    <system-out />
  </testcase>
  <testcase timestamp="2023-04-13T21:28:11.010593" time="0.000000" classname="tests.language.completion.parseutils.test_parseutils.TestParseUtils" name="test_join_table_0_">
    <system-out />
  </testcase>
  <testcase timestamp="2023-04-13T21:28:11.010593" time="0.000000" classname="tests.language.completion.parseutils.test_parseutils.TestParseUtils" name="test_join_table_1_INNER">
    <system-out />
  </testcase>
  <testcase timestamp="2023-04-13T21:28:11.010593" time="0.000000" classname="tests.language.completion.parseutils.test_parseutils.TestParseUtils" name="test_join_table_2_LEFT">
    <system-out />
  </testcase>
  <testcase timestamp="2023-04-13T21:28:11.010593" time="0.000000" classname="tests.language.completion.parseutils.test_parseutils.TestParseUtils" name="test_join_table_3_RIGHT_OUTER">
    <system-out />
  </testcase>
  <testcase timestamp="2023-04-13T21:28:11.010593" time="0.000000" classname="tests.language.completion.parseutils.test_parseutils.TestParseUtils" name="test_join_table_schema_qualified">
    <system-out />
  </testcase>
  <testcase timestamp="2023-04-13T21:28:11.010593" time="0.015626" classname="tests.language.completion.parseutils.test_parseutils.TestParseUtils" name="test_multiple_joins">
    <system-out />
  </testcase>
  <testcase timestamp="2023-04-13T21:28:11.026219" time="0.000000" classname="tests.language.completion.parseutils.test_parseutils.TestParseUtils" name="test_select_with_hanging_comma_multiple_tables">
    <system-out />
  </testcase>
  <testcase timestamp="2023-04-13T21:28:11.026219" time="0.000000" classname="tests.language.completion.parseutils.test_parseutils.TestParseUtils" name="test_select_with_hanging_comma_single_table">
    <system-out />
  </testcase>
  <testcase timestamp="2023-04-13T21:28:11.026219" time="0.000000" classname="tests.language.completion.parseutils.test_parseutils.TestParseUtils" name="test_select_with_hanging_period_multiple_tables">
    <system-out />
  </testcase>
  <testcase timestamp="2023-04-13T21:28:11.026219" time="0.000000" classname="tests.language.completion.parseutils.test_parseutils.TestParseUtils" name="test_simple_aliased_function_as_table_0_">
    <system-out />
  </testcase>
  <testcase timestamp="2023-04-13T21:28:11.026219" time="0.000000" classname="tests.language.completion.parseutils.test_parseutils.TestParseUtils" name="test_simple_aliased_function_as_table_1_arg1">
    <system-out />
  </testcase>
  <testcase timestamp="2023-04-13T21:28:11.026219" time="0.000000" classname="tests.language.completion.parseutils.test_parseutils.TestParseUtils" name="test_simple_aliased_function_as_table_2_arg1_arg2_arg3">
    <system-out />
  </testcase>
  <testcase timestamp="2023-04-13T21:28:11.026219" time="0.015624" classname="tests.language.completion.parseutils.test_parseutils.TestParseUtils" name="test_simple_function_as_table_0_">
    <system-out />
  </testcase>
  <testcase timestamp="2023-04-13T21:28:11.041843" time="0.000000" classname="tests.language.completion.parseutils.test_parseutils.TestParseUtils" name="test_simple_function_as_table_1_arg1">
    <system-out />
  </testcase>
  <testcase timestamp="2023-04-13T21:28:11.041843" time="0.000000" classname="tests.language.completion.parseutils.test_parseutils.TestParseUtils" name="test_simple_function_as_table_2_arg1_arg2_arg3">
    <system-out />
  </testcase>
  <testcase timestamp="2023-04-13T21:28:11.041843" time="0.006504" classname="tests.language.completion.parseutils.test_parseutils.TestParseUtils" name="test_simple_insert_single_table">
    <system-out />
  </testcase>
  <testcase timestamp="2023-04-13T21:28:11.048346" time="0.000000" classname="tests.language.completion.parseutils.test_parseutils.TestParseUtils" name="test_simple_schema_qualified_function_as_table_0_">
    <system-out />
  </testcase>
  <testcase timestamp="2023-04-13T21:28:11.048346" time="0.000000" classname="tests.language.completion.parseutils.test_parseutils.TestParseUtils" name="test_simple_schema_qualified_function_as_table_1_arg1">
    <system-out />
  </testcase>
  <testcase timestamp="2023-04-13T21:28:11.048346" time="0.000000" classname="tests.language.completion.parseutils.test_parseutils.TestParseUtils" name="test_simple_schema_qualified_function_as_table_2_arg1_arg2_arg3">
    <system-out />
  </testcase>
  <testcase timestamp="2023-04-13T21:28:11.048346" time="0.000000" classname="tests.language.completion.parseutils.test_parseutils.TestParseUtils" name="test_simple_select_multiple_tables">
    <system-out />
  </testcase>
  <testcase timestamp="2023-04-13T21:28:11.048346" time="0.000000" classname="tests.language.completion.parseutils.test_parseutils.TestParseUtils" name="test_simple_select_multiple_tables_deouble_quoted_aliased">
    <system-out />
  </testcase>
  <testcase timestamp="2023-04-13T21:28:11.048346" time="0.000000" classname="tests.language.completion.parseutils.test_parseutils.TestParseUtils" name="test_simple_select_multiple_tables_double_quoted">
    <system-out />
  </testcase>
  <testcase timestamp="2023-04-13T21:28:11.048346" time="0.000000" classname="tests.language.completion.parseutils.test_parseutils.TestParseUtils" name="test_simple_select_multiple_tables_schema_qualified">
    <system-out />
  </testcase>
  <testcase timestamp="2023-04-13T21:28:11.048346" time="0.000000" classname="tests.language.completion.parseutils.test_parseutils.TestParseUtils" name="test_simple_select_single_table">
    <system-out />
  </testcase>
  <testcase timestamp="2023-04-13T21:28:11.048346" time="0.015631" classname="tests.language.completion.parseutils.test_parseutils.TestParseUtils" name="test_simple_select_single_table_deouble_quoted_aliased">
    <system-out />
  </testcase>
  <testcase timestamp="2023-04-13T21:28:11.063978" time="0.000000" classname="tests.language.completion.parseutils.test_parseutils.TestParseUtils" name="test_simple_select_single_table_double_quoted">
    <system-out />
  </testcase>
  <testcase timestamp="2023-04-13T21:28:11.063978" time="0.000000" classname="tests.language.completion.parseutils.test_parseutils.TestParseUtils" name="test_simple_select_single_table_schema_qualified_0_select_from_abc_def">
    <system-out />
  </testcase>
  <testcase timestamp="2023-04-13T21:28:11.063978" time="0.000000" classname="tests.language.completion.parseutils.test_parseutils.TestParseUtils" name="test_simple_select_single_table_schema_qualified_1_select_from_abc_def">
    <system-out />
  </testcase>
  <testcase timestamp="2023-04-13T21:28:11.063978" time="0.000000" classname="tests.language.completion.parseutils.test_parseutils.TestParseUtils" name="test_simple_select_single_table_schema_qualified_quoted_table_0_select_from_abc_def_">
    <system-out />
  </testcase>
  <testcase timestamp="2023-04-13T21:28:11.063978" time="0.000000" classname="tests.language.completion.parseutils.test_parseutils.TestParseUtils" name="test_simple_select_single_table_schema_qualified_quoted_table_1_select_from_abc_def_">
    <system-out />
  </testcase>
  <testcase timestamp="2023-04-13T21:28:11.063978" time="0.000000" classname="tests.language.completion.parseutils.test_parseutils.TestParseUtils" name="test_simple_select_with_cols_multiple_qualified_tables">
    <system-out />
  </testcase>
  <testcase timestamp="2023-04-13T21:28:11.063978" time="0.000000" classname="tests.language.completion.parseutils.test_parseutils.TestParseUtils" name="test_simple_select_with_cols_multiple_tables">
    <system-out />
  </testcase>
  <testcase timestamp="2023-04-13T21:28:11.063978" time="0.000000" classname="tests.language.completion.parseutils.test_parseutils.TestParseUtils" name="test_simple_select_with_cols_single_table">
    <system-out />
  </testcase>
  <testcase timestamp="2023-04-13T21:28:11.063978" time="0.000000" classname="tests.language.completion.parseutils.test_parseutils.TestParseUtils" name="test_simple_select_with_cols_single_table_schema_qualified">
    <system-out />
  </testcase>
  <testcase timestamp="2023-04-13T21:28:11.063978" time="0.000000" classname="tests.language.completion.parseutils.test_parseutils.TestParseUtils" name="test_simple_table_and_function">
    <system-out />
  </testcase>
  <testcase timestamp="2023-04-13T21:28:11.063978" time="0.015624" classname="tests.language.completion.parseutils.test_parseutils.TestParseUtils" name="test_simple_update_table_no_schema">
    <system-out />
  </testcase>
  <testcase timestamp="2023-04-13T21:28:11.079602" time="0.000000" classname="tests.language.completion.parseutils.test_parseutils.TestParseUtils" name="test_simple_update_table_with_schema">
    <system-out />
  </testcase>
  <testcase timestamp="2023-04-13T21:28:11.079602" time="0.000000" classname="tests.language.completion.parseutils.test_parseutils.TestParseUtils" name="test_subselect_tables">
    <system-out />
  </testcase>
  <testcase timestamp="2023-04-13T21:28:11.079602" time="0.000000" classname="tests.language.completion.test_fuzzy_completion.TestFuzzyCompletion" name="test_matching_should_be_case_insensitive">
    <system-out />
  </testcase>
  <testcase timestamp="2023-04-13T21:28:11.079602" time="0.000000" classname="tests.language.completion.test_fuzzy_completion.TestFuzzyCompletion" name="test_ranking_based_on_shortest_match">
    <system-out />
  </testcase>
  <testcase timestamp="2023-04-13T21:28:11.079602" time="0.000000" classname="tests.language.completion.test_fuzzy_completion.TestFuzzyCompletion" name="test_ranking_ignores_identifier_quotes">
    <system-out />
  </testcase>
  <testcase timestamp="2023-04-13T21:28:11.079602" time="0.000000" classname="tests.language.completion.test_fuzzy_completion.TestFuzzyCompletion" name="test_should_break_ties_using_lexical_order_0">
    <system-out />
  </testcase>
  <testcase timestamp="2023-04-13T21:28:11.079602" time="0.000000" classname="tests.language.completion.test_fuzzy_completion.TestFuzzyCompletion" name="test_should_break_ties_using_lexical_order_1">
    <system-out />
  </testcase>
  <testcase timestamp="2023-04-13T21:28:11.079602" time="0.000000" classname="tests.language.completion.test_fuzzy_completion.TestFuzzyCompletion" name="test_should_break_ties_using_lexical_order_2">
    <system-out />
  </testcase>
  <testcase timestamp="2023-04-13T21:28:11.079602" time="0.000000" classname="tests.language.completion.test_mysql_naive_completion.TestNaiveCompletion" name="test_alter_well_known_keywords_completion">
    <system-out />
  </testcase>
  <testcase timestamp="2023-04-13T21:28:11.079602" time="0.031252" classname="tests.language.completion.test_mysql_naive_completion.TestNaiveCompletion" name="test_column_name_completion">
    <system-out />
  </testcase>
  <testcase timestamp="2023-04-13T21:28:11.110854" time="0.015656" classname="tests.language.completion.test_mysql_naive_completion.TestNaiveCompletion" name="test_empty_string_completion">
    <system-out />
  </testcase>
  <testcase timestamp="2023-04-13T21:28:11.126510" time="0.000000" classname="tests.language.completion.test_mysql_naive_completion.TestNaiveCompletion" name="test_function_name_completion">
    <system-out />
  </testcase>
  <testcase timestamp="2023-04-13T21:28:11.126510" time="0.015626" classname="tests.language.completion.test_mysql_naive_completion.TestNaiveCompletion" name="test_keyword_auto_casing">
    <system-out />
  </testcase>
  <testcase timestamp="2023-04-13T21:28:11.142135" time="0.000000" classname="tests.language.completion.test_mysql_naive_completion.TestNaiveCompletion" name="test_keyword_lower_casing">
    <system-out />
  </testcase>
  <testcase timestamp="2023-04-13T21:28:11.142135" time="0.006536" classname="tests.language.completion.test_mysql_naive_completion.TestNaiveCompletion" name="test_keyword_upper_casing">
    <system-out />
  </testcase>
  <testcase timestamp="2023-04-13T21:28:11.148671" time="0.000000" classname="tests.language.completion.test_mysql_naive_completion.TestNaiveCompletion" name="test_select_keyword_completion">
    <system-out />
  </testcase>
  <testcase timestamp="2023-04-13T21:28:11.148671" time="0.000000" classname="tests.language.completion.test_naive_completion.TestNaiveCompletion" name="test_alter_well_known_keywords_completion">
    <system-out />
  </testcase>
  <testcase timestamp="2023-04-13T21:28:11.148671" time="0.000000" classname="tests.language.completion.test_naive_completion.TestNaiveCompletion" name="test_column_name_completion">
    <system-out />
  </testcase>
  <testcase timestamp="2023-04-13T21:28:11.148671" time="0.015632" classname="tests.language.completion.test_naive_completion.TestNaiveCompletion" name="test_empty_string_completion">
    <system-out />
  </testcase>
  <testcase timestamp="2023-04-13T21:28:11.164304" time="0.000000" classname="tests.language.completion.test_naive_completion.TestNaiveCompletion" name="test_function_name_completion">
    <system-out />
  </testcase>
  <testcase timestamp="2023-04-13T21:28:11.164304" time="0.000000" classname="tests.language.completion.test_naive_completion.TestNaiveCompletion" name="test_keyword_auto_casing">
    <system-out />
  </testcase>
  <testcase timestamp="2023-04-13T21:28:11.164304" time="0.000000" classname="tests.language.completion.test_naive_completion.TestNaiveCompletion" name="test_keyword_lower_casing">
    <system-out />
  </testcase>
  <testcase timestamp="2023-04-13T21:28:11.164304" time="0.000000" classname="tests.language.completion.test_naive_completion.TestNaiveCompletion" name="test_keyword_upper_casing">
    <system-out />
  </testcase>
  <testcase timestamp="2023-04-13T21:28:11.164304" time="0.000000" classname="tests.language.completion.test_naive_completion.TestNaiveCompletion" name="test_select_keyword_completion">
    <system-out />
  </testcase>
  <testcase timestamp="2023-04-13T21:28:11.164304" time="0.015626" classname="tests.language.completion.test_prioritization.TestPrioritization" name="test_prevalence_counter">
    <system-out />
  </testcase>
  <testcase timestamp="2023-04-13T21:28:11.179930" time="0.000000" classname="tests.language.completion.test_smart_completion_multiple_schema.TestSmartCompletionMultipleSchemata" name="test_alias_search_with_aliases1_0">
    <system-out />
  </testcase>
  <testcase timestamp="2023-04-13T21:28:11.179930" time="0.000000" classname="tests.language.completion.test_smart_completion_multiple_schema.TestSmartCompletionMultipleSchemata" name="test_alias_search_with_aliases1_1">
    <system-out />
  </testcase>
  <testcase timestamp="2023-04-13T21:28:11.179930" time="0.000000" classname="tests.language.completion.test_smart_completion_multiple_schema.TestSmartCompletionMultipleSchemata" name="test_alias_search_with_aliases1_2">
    <system-out />
  </testcase>
  <testcase timestamp="2023-04-13T21:28:11.179930" time="0.000000" classname="tests.language.completion.test_smart_completion_multiple_schema.TestSmartCompletionMultipleSchemata" name="test_alias_search_with_aliases1_3">
    <system-out />
  </testcase>
  <testcase timestamp="2023-04-13T21:28:11.179930" time="0.000000" classname="tests.language.completion.test_smart_completion_multiple_schema.TestSmartCompletionMultipleSchemata" name="test_alias_search_with_aliases1_4">
    <system-out />
  </testcase>
  <testcase timestamp="2023-04-13T21:28:11.179930" time="0.015624" classname="tests.language.completion.test_smart_completion_multiple_schema.TestSmartCompletionMultipleSchemata" name="test_alias_search_with_aliases1_5">
    <system-out />
  </testcase>
  <testcase timestamp="2023-04-13T21:28:11.195554" time="0.000000" classname="tests.language.completion.test_smart_completion_multiple_schema.TestSmartCompletionMultipleSchemata" name="test_alias_search_with_aliases2_0">
    <system-out />
  </testcase>
  <testcase timestamp="2023-04-13T21:28:11.195554" time="0.000000" classname="tests.language.completion.test_smart_completion_multiple_schema.TestSmartCompletionMultipleSchemata" name="test_alias_search_with_aliases2_1">
    <system-out />
  </testcase>
  <testcase timestamp="2023-04-13T21:28:11.195554" time="0.000000" classname="tests.language.completion.test_smart_completion_multiple_schema.TestSmartCompletionMultipleSchemata" name="test_alias_search_with_aliases2_2">
    <system-out />
  </testcase>
  <testcase timestamp="2023-04-13T21:28:11.195554" time="0.015625" classname="tests.language.completion.test_smart_completion_multiple_schema.TestSmartCompletionMultipleSchemata" name="test_alias_search_with_aliases2_3">
    <system-out />
  </testcase>
  <testcase timestamp="2023-04-13T21:28:11.211179" time="0.000000" classname="tests.language.completion.test_smart_completion_multiple_schema.TestSmartCompletionMultipleSchemata" name="test_alias_search_with_aliases2_4">
    <system-out />
  </testcase>
  <testcase timestamp="2023-04-13T21:28:11.211179" time="0.000000" classname="tests.language.completion.test_smart_completion_multiple_schema.TestSmartCompletionMultipleSchemata" name="test_alias_search_with_aliases2_5">
    <system-out />
  </testcase>
  <testcase timestamp="2023-04-13T21:28:11.211179" time="0.000000" classname="tests.language.completion.test_smart_completion_multiple_schema.TestSmartCompletionMultipleSchemata" name="test_alias_search_without_aliases1_0">
    <system-out />
  </testcase>
  <testcase timestamp="2023-04-13T21:28:11.211179" time="0.000000" classname="tests.language.completion.test_smart_completion_multiple_schema.TestSmartCompletionMultipleSchemata" name="test_alias_search_without_aliases1_1">
    <system-out />
  </testcase>
  <testcase timestamp="2023-04-13T21:28:11.211179" time="0.015626" classname="tests.language.completion.test_smart_completion_multiple_schema.TestSmartCompletionMultipleSchemata" name="test_alias_search_without_aliases1_2">
    <system-out />
  </testcase>
  <testcase timestamp="2023-04-13T21:28:11.226805" time="0.000000" classname="tests.language.completion.test_smart_completion_multiple_schema.TestSmartCompletionMultipleSchemata" name="test_alias_search_without_aliases1_3">
    <system-out />
  </testcase>
  <testcase timestamp="2023-04-13T21:28:11.226805" time="0.000000" classname="tests.language.completion.test_smart_completion_multiple_schema.TestSmartCompletionMultipleSchemata" name="test_alias_search_without_aliases1_4">
    <system-out />
  </testcase>
  <testcase timestamp="2023-04-13T21:28:11.226805" time="0.000000" classname="tests.language.completion.test_smart_completion_multiple_schema.TestSmartCompletionMultipleSchemata" name="test_alias_search_without_aliases1_5">
    <system-out />
  </testcase>
  <testcase timestamp="2023-04-13T21:28:11.226805" time="0.000000" classname="tests.language.completion.test_smart_completion_multiple_schema.TestSmartCompletionMultipleSchemata" name="test_alias_search_without_aliases2_0">
    <system-out />
  </testcase>
  <testcase timestamp="2023-04-13T21:28:11.226805" time="0.015622" classname="tests.language.completion.test_smart_completion_multiple_schema.TestSmartCompletionMultipleSchemata" name="test_alias_search_without_aliases2_1">
    <system-out />
  </testcase>
  <testcase timestamp="2023-04-13T21:28:11.242428" time="0.000000" classname="tests.language.completion.test_smart_completion_multiple_schema.TestSmartCompletionMultipleSchemata" name="test_alias_search_without_aliases2_2">
    <system-out />
  </testcase>
  <testcase timestamp="2023-04-13T21:28:11.242428" time="0.006506" classname="tests.language.completion.test_smart_completion_multiple_schema.TestSmartCompletionMultipleSchemata" name="test_alias_search_without_aliases2_3">
    <system-out />
  </testcase>
  <testcase timestamp="2023-04-13T21:28:11.248934" time="0.000000" classname="tests.language.completion.test_smart_completion_multiple_schema.TestSmartCompletionMultipleSchemata" name="test_alias_search_without_aliases2_4">
    <system-out />
  </testcase>
  <testcase timestamp="2023-04-13T21:28:11.248934" time="0.000000" classname="tests.language.completion.test_smart_completion_multiple_schema.TestSmartCompletionMultipleSchemata" name="test_alias_search_without_aliases2_5">
    <system-out />
  </testcase>
  <testcase timestamp="2023-04-13T21:28:11.248934" time="0.000000" classname="tests.language.completion.test_smart_completion_multiple_schema.TestSmartCompletionMultipleSchemata" name="test_aliases_with_casing_0">
    <system-out />
  </testcase>
  <testcase timestamp="2023-04-13T21:28:11.248934" time="0.000000" classname="tests.language.completion.test_smart_completion_multiple_schema.TestSmartCompletionMultipleSchemata" name="test_aliases_with_casing_1">
    <system-out />
  </testcase>
  <testcase timestamp="2023-04-13T21:28:11.248934" time="0.015657" classname="tests.language.completion.test_smart_completion_multiple_schema.TestSmartCompletionMultipleSchemata" name="test_aliases_with_casing_2">
    <system-out />
  </testcase>
  <testcase timestamp="2023-04-13T21:28:11.264591" time="0.000000" classname="tests.language.completion.test_smart_completion_multiple_schema.TestSmartCompletionMultipleSchemata" name="test_aliases_with_casing_3">
    <system-out />
  </testcase>
  <testcase timestamp="2023-04-13T21:28:11.264591" time="0.000000" classname="tests.language.completion.test_smart_completion_multiple_schema.TestSmartCompletionMultipleSchemata" name="test_aliases_with_casing_4">
    <system-out />
  </testcase>
  <testcase timestamp="2023-04-13T21:28:11.264591" time="0.000000" classname="tests.language.completion.test_smart_completion_multiple_schema.TestSmartCompletionMultipleSchemata" name="test_aliases_with_casing_5">
    <system-out />
  </testcase>
  <testcase timestamp="2023-04-13T21:28:11.264591" time="0.015600" classname="tests.language.completion.test_smart_completion_multiple_schema.TestSmartCompletionMultipleSchemata" name="test_all_schema_objects_0">
    <system-out />
  </testcase>
  <testcase timestamp="2023-04-13T21:28:11.280190" time="0.000000" classname="tests.language.completion.test_smart_completion_multiple_schema.TestSmartCompletionMultipleSchemata" name="test_all_schema_objects_1">
    <system-out />
  </testcase>
  <testcase timestamp="2023-04-13T21:28:11.280190" time="0.000000" classname="tests.language.completion.test_smart_completion_multiple_schema.TestSmartCompletionMultipleSchemata" name="test_all_schema_objects_2">
    <system-out />
  </testcase>
  <testcase timestamp="2023-04-13T21:28:11.280190" time="0.000000" classname="tests.language.completion.test_smart_completion_multiple_schema.TestSmartCompletionMultipleSchemata" name="test_all_schema_objects_with_aliases_0">
    <system-out />
  </testcase>
  <testcase timestamp="2023-04-13T21:28:11.280190" time="0.000000" classname="tests.language.completion.test_smart_completion_multiple_schema.TestSmartCompletionMultipleSchemata" name="test_all_schema_objects_with_aliases_1">
    <system-out />
  </testcase>
  <testcase timestamp="2023-04-13T21:28:11.280190" time="0.017073" classname="tests.language.completion.test_smart_completion_multiple_schema.TestSmartCompletionMultipleSchemata" name="test_all_schema_objects_with_aliases_2">
    <system-out />
  </testcase>
  <testcase timestamp="2023-04-13T21:28:11.297264" time="0.000000" classname="tests.language.completion.test_smart_completion_multiple_schema.TestSmartCompletionMultipleSchemata" name="test_all_schema_objects_with_casing_0">
    <system-out />
  </testcase>
  <testcase timestamp="2023-04-13T21:28:11.297264" time="0.000000" classname="tests.language.completion.test_smart_completion_multiple_schema.TestSmartCompletionMultipleSchemata" name="test_all_schema_objects_with_casing_1">
    <system-out />
  </testcase>
  <testcase timestamp="2023-04-13T21:28:11.297264" time="0.000000" classname="tests.language.completion.test_smart_completion_multiple_schema.TestSmartCompletionMultipleSchemata" name="test_all_schema_objects_with_casing_2">
    <system-out />
  </testcase>
  <testcase timestamp="2023-04-13T21:28:11.297264" time="0.000000" classname="tests.language.completion.test_smart_completion_multiple_schema.TestSmartCompletionMultipleSchemata" name="test_column_alias_search_0">
    <system-out />
  </testcase>
  <testcase timestamp="2023-04-13T21:28:11.297264" time="0.015635" classname="tests.language.completion.test_smart_completion_multiple_schema.TestSmartCompletionMultipleSchemata" name="test_column_alias_search_1">
    <system-out />
  </testcase>
  <testcase timestamp="2023-04-13T21:28:11.312899" time="0.000000" classname="tests.language.completion.test_smart_completion_multiple_schema.TestSmartCompletionMultipleSchemata" name="test_column_alias_search_2">
    <system-out />
  </testcase>
  <testcase timestamp="2023-04-13T21:28:11.312899" time="0.000000" classname="tests.language.completion.test_smart_completion_multiple_schema.TestSmartCompletionMultipleSchemata" name="test_column_alias_search_3">
    <system-out />
  </testcase>
  <testcase timestamp="2023-04-13T21:28:11.312899" time="0.015621" classname="tests.language.completion.test_smart_completion_multiple_schema.TestSmartCompletionMultipleSchemata" name="test_column_alias_search_qualified_00">
    <system-out />
  </testcase>
  <testcase timestamp="2023-04-13T21:28:11.328520" time="0.000000" classname="tests.language.completion.test_smart_completion_multiple_schema.TestSmartCompletionMultipleSchemata" name="test_column_alias_search_qualified_01">
    <system-out />
  </testcase>
  <testcase timestamp="2023-04-13T21:28:11.328520" time="0.000000" classname="tests.language.completion.test_smart_completion_multiple_schema.TestSmartCompletionMultipleSchemata" name="test_column_alias_search_qualified_02">
    <system-out />
  </testcase>
  <testcase timestamp="2023-04-13T21:28:11.328520" time="0.000000" classname="tests.language.completion.test_smart_completion_multiple_schema.TestSmartCompletionMultipleSchemata" name="test_column_alias_search_qualified_03">
    <system-out />
  </testcase>
  <testcase timestamp="2023-04-13T21:28:11.328520" time="0.000000" classname="tests.language.completion.test_smart_completion_multiple_schema.TestSmartCompletionMultipleSchemata" name="test_column_alias_search_qualified_04">
    <system-out />
  </testcase>
  <testcase timestamp="2023-04-13T21:28:11.328520" time="0.015624" classname="tests.language.completion.test_smart_completion_multiple_schema.TestSmartCompletionMultipleSchemata" name="test_column_alias_search_qualified_05">
    <system-out />
  </testcase>
  <testcase timestamp="2023-04-13T21:28:11.344145" time="0.005004" classname="tests.language.completion.test_smart_completion_multiple_schema.TestSmartCompletionMultipleSchemata" name="test_column_alias_search_qualified_06">
    <system-out />
  </testcase>
  <testcase timestamp="2023-04-13T21:28:11.349149" time="0.000000" classname="tests.language.completion.test_smart_completion_multiple_schema.TestSmartCompletionMultipleSchemata" name="test_column_alias_search_qualified_07">
    <system-out />
  </testcase>
  <testcase timestamp="2023-04-13T21:28:11.349149" time="0.000000" classname="tests.language.completion.test_smart_completion_multiple_schema.TestSmartCompletionMultipleSchemata" name="test_column_alias_search_qualified_08">
    <system-out />
  </testcase>
  <testcase timestamp="2023-04-13T21:28:11.349149" time="0.000000" classname="tests.language.completion.test_smart_completion_multiple_schema.TestSmartCompletionMultipleSchemata" name="test_column_alias_search_qualified_09">
    <system-out />
  </testcase>
  <testcase timestamp="2023-04-13T21:28:11.349149" time="0.015630" classname="tests.language.completion.test_smart_completion_multiple_schema.TestSmartCompletionMultipleSchemata" name="test_column_alias_search_qualified_10">
    <system-out />
  </testcase>
  <testcase timestamp="2023-04-13T21:28:11.364779" time="0.000000" classname="tests.language.completion.test_smart_completion_multiple_schema.TestSmartCompletionMultipleSchemata" name="test_column_alias_search_qualified_11">
    <system-out />
  </testcase>
  <testcase timestamp="2023-04-13T21:28:11.364779" time="0.000000" classname="tests.language.completion.test_smart_completion_multiple_schema.TestSmartCompletionMultipleSchemata" name="test_function_alias_search_with_aliases_00">
    <system-out />
  </testcase>
  <testcase timestamp="2023-04-13T21:28:11.364779" time="0.000000" classname="tests.language.completion.test_smart_completion_multiple_schema.TestSmartCompletionMultipleSchemata" name="test_function_alias_search_with_aliases_01">
    <system-out />
  </testcase>
  <testcase timestamp="2023-04-13T21:28:11.364779" time="0.000000" classname="tests.language.completion.test_smart_completion_multiple_schema.TestSmartCompletionMultipleSchemata" name="test_function_alias_search_with_aliases_02">
    <system-out />
  </testcase>
[...]
    <system-out />
  </testcase>
  <testcase timestamp="2023-04-13T21:28:24.575115" time="0.008008" classname="tests.query_execution.test_pg_query_execution_service.TestQueryService" name="test_query_disposal_success_executed">
    <system-out />
  </testcase>
  <testcase timestamp="2023-04-13T21:28:24.583123" time="0.009609" classname="tests.query_execution.test_pg_query_execution_service.TestQueryService" name="test_query_disposal_with_query_executing">
    <system-out />
  </testcase>
  <testcase timestamp="2023-04-13T21:28:24.592732" time="0.009017" classname="tests.query_execution.test_pg_query_execution_service.TestQueryService" name="test_query_disposal_with_query_not_started">
    <system-out />
  </testcase>
  <testcase timestamp="2023-04-13T21:28:24.601748" time="0.012554" classname="tests.query_execution.test_pg_query_execution_service.TestQueryService" name="test_query_execution">
    <system-out />
  </testcase>
  <testcase timestamp="2023-04-13T21:28:24.614303" time="1.316659" classname="tests.query_execution.test_pg_query_execution_service.TestQueryService" name="test_query_execution_and_retrieval">
    <system-out />
  </testcase>
  <testcase timestamp="2023-04-13T21:28:25.930962" time="0.005069" classname="tests.query_execution.test_pg_query_execution_service.TestQueryService" name="test_query_request_error_handling">
    <system-out />
  </testcase>
  <testcase timestamp="2023-04-13T21:28:25.936031" time="0.000000" classname="tests.query_execution.test_pg_query_execution_service.TestQueryService" name="test_query_request_invalid_uri">
    <system-out />
  </testcase>
  <testcase timestamp="2023-04-13T21:28:25.936031" time="0.025061" classname="tests.query_execution.test_pg_query_execution_service.TestQueryService" name="test_query_request_response">
    <system-out />
  </testcase>
  <testcase timestamp="2023-04-13T21:28:25.961092" time="0.009007" classname="tests.query_execution.test_pg_query_execution_service.TestQueryService" name="test_result_set_column_none_description">
    <system-out />
  </testcase>
  <testcase timestamp="2023-04-13T21:28:25.970098" time="0.007854" classname="tests.query_execution.test_pg_query_execution_service.TestQueryService" name="test_result_set_complete_params">
    <system-out />
  </testcase>
  <testcase timestamp="2023-04-13T21:28:25.977952" time="0.007100" classname="tests.query_execution.test_pg_query_execution_service.TestQueryService" name="test_result_set_positive">
    <system-out />
  </testcase>
  <testcase timestamp="2023-04-13T21:28:25.985052" time="0.000000" classname="tests.query_execution.test_pg_query_execution_service.TestQueryService" name="test_result_set_subset">
    <system-out />
  </testcase>
  <testcase timestamp="2023-04-13T21:28:25.985052" time="0.019992" classname="tests.query_execution.test_pg_query_execution_service.TestQueryService" name="test_start_query_execution_thread_sends_true_when_show_plan_is_enabled">
    <system-out />
  </testcase>
  <testcase timestamp="2023-04-13T21:28:26.005044" time="0.013873" classname="tests.query_execution.test_pg_query_execution_service.TestQueryService" name="test_time">
    <system-out />
  </testcase>
  <testcase timestamp="2023-04-13T21:28:26.018917" time="0.001287" classname="tests.scripting.test_scripter.TestScripter" name="test_init">
    <system-out />
  </testcase>
  <testcase timestamp="2023-04-13T21:28:26.020204" time="0.000000" classname="tests.scripting.test_scripter.TestScripter" name="test_script_invalid_operation">
    <system-out />
  </testcase>
  <testcase timestamp="2023-04-13T21:28:26.020204" time="0.000000" classname="tests.scripting.test_scripter.TestScripter" name="test_script_no_metadata">
    <system-out />
  </testcase>
  <testcase timestamp="2023-04-13T21:28:26.020204" time="0.000000" classname="tests.scripting.test_scripter.TestScripter" name="test_script_successful">
    <system-out />
  </testcase>
  <testcase timestamp="2023-04-13T21:28:26.020204" time="0.016431" classname="tests.scripting.test_scripter.TestScripter" name="test_script_unsupported">
    <system-out />
  </testcase>
  <testcase timestamp="2023-04-13T21:28:26.036635" time="0.016811" classname="tests.scripting.test_scripter.TestScripterOld" name="test_check_constraint_scripting">
    <system-out />
  </testcase>
  <testcase timestamp="2023-04-13T21:28:26.053446" time="0.133015" classname="tests.scripting.test_scripter.TestScripterOld" name="test_column_scripting">
    <system-out />
  </testcase>
  <testcase timestamp="2023-04-13T21:28:26.186461" time="0.217116" classname="tests.scripting.test_scripter.TestScripterOld" name="test_datatype_scripting">
    <system-out />
  </testcase>
  <testcase timestamp="2023-04-13T21:28:26.403577" time="0.033529" classname="tests.scripting.test_scripter.TestScripterOld" name="test_exclusion_constraint_scripting">
    <system-out />
  </testcase>
  <testcase timestamp="2023-04-13T21:28:26.437106" time="0.033554" classname="tests.scripting.test_scripter.TestScripterOld" name="test_foreign_key_constraint_scripting">
    <system-out />
  </testcase>
  <testcase timestamp="2023-04-13T21:28:26.470659" time="0.016613" classname="tests.scripting.test_scripter.TestScripterOld" name="test_index_constraint_scripting">
    <system-out />
  </testcase>
  <testcase timestamp="2023-04-13T21:28:26.487273" time="0.033366" classname="tests.scripting.test_scripter.TestScripterOld" name="test_index_scripting">
    <system-out />
  </testcase>
  <testcase timestamp="2023-04-13T21:28:26.520638" time="0.028261" classname="tests.scripting.test_scripter.TestScripterOld" name="test_rule_scripting">
    <system-out />
  </testcase>
  <testcase timestamp="2023-04-13T21:28:26.548899" time="0.285229" classname="tests.scripting.test_scripter.TestScripterOld" name="test_table_create_script">
    <system-out />
  </testcase>
  <testcase timestamp="2023-04-13T21:28:26.834128" time="0.017784" classname="tests.scripting.test_scripter.TestScripterOld" name="test_trigger_scripting">
    <system-out />
  </testcase>
  <testcase timestamp="2023-04-13T21:28:26.851912" time="0.000000" classname="tests.scripting.test_scripting_service.TestScriptingService" name="test_handle_scriptas_invalid_operation">
    <system-out />
  </testcase>
  <testcase timestamp="2023-04-13T21:28:26.867504" time="0.000000" classname="tests.scripting.test_scripting_service.TestScriptingService" name="test_handle_scriptas_missing_params">
    <system-out />
  </testcase>
  <testcase timestamp="2023-04-13T21:28:26.867504" time="0.000000" classname="tests.scripting.test_scripting_service.TestScriptingService" name="test_handle_scriptas_successful_operation">
    <system-out />
  </testcase>
  <testcase timestamp="2023-04-13T21:28:26.867504" time="0.015623" classname="tests.scripting.test_scripting_service.TestScriptingService" name="test_init">
    <system-out />
  </testcase>
  <testcase timestamp="2023-04-13T21:28:26.883128" time="0.002011" classname="tests.scripting.test_scripting_service.TestScriptingService" name="test_registration">
    <system-out />
  </testcase>
  <testcase timestamp="2023-04-13T21:28:26.885139" time="0.000000" classname="tests.tasks.test_tasks.TestTasks" name="test_cancel">
    <system-out />
  </testcase>
  <testcase timestamp="2023-04-13T21:28:26.885139" time="0.000000" classname="tests.tasks.test_tasks.TestTasks" name="test_cancel_callback_fails">
    <system-out />
  </testcase>
  <testcase timestamp="2023-04-13T21:28:26.885139" time="0.000000" classname="tests.tasks.test_tasks.TestTasks" name="test_cancel_not_in_progress">
    <system-out />
  </testcase>
  <testcase timestamp="2023-04-13T21:28:26.885139" time="0.000000" classname="tests.tasks.test_tasks.TestTasks" name="test_initialization">
    <system-out />
  </testcase>
  <testcase timestamp="2023-04-13T21:28:26.885139" time="0.000000" classname="tests.tasks.test_tasks.TestTasks" name="test_run_task">
    <system-out />
  </testcase>
  <testcase timestamp="2023-04-13T21:28:26.885139" time="0.015634" classname="tests.tasks.test_tasks.TestTasks" name="test_task_fails">
    <system-out />
  </testcase>
  <testcase timestamp="2023-04-13T21:28:26.900773" time="0.000000" classname="tests.tasks.test_task_service.TaskServiceTests" name="test_cancel_request">
    <system-out />
  </testcase>
  <testcase timestamp="2023-04-13T21:28:26.900773" time="0.000000" classname="tests.tasks.test_task_service.TaskServiceTests" name="test_cancel_request_no_task">
    <system-out />
  </testcase>
  <testcase timestamp="2023-04-13T21:28:26.900773" time="0.015626" classname="tests.tasks.test_task_service.TaskServiceTests" name="test_list_active_tasks">
    <system-out />
  </testcase>
  <testcase timestamp="2023-04-13T21:28:26.916399" time="0.000000" classname="tests.tasks.test_task_service.TaskServiceTests" name="test_list_all_tasks">
    <system-out />
  </testcase>
  <testcase timestamp="2023-04-13T21:28:26.916399" time="0.015624" classname="tests.tasks.test_task_service.TaskServiceTests" name="test_registration">
    <system-out />
  </testcase>
  <testcase timestamp="2023-04-13T21:28:26.932023" time="0.000000" classname="tests.tasks.test_task_service.TaskServiceTests" name="test_start_task">
    <system-out />
  </testcase>
  <testcase timestamp="2023-04-13T21:28:26.932023" time="0.000000" classname="tests.test_utils.TestUtils" name="test_convert_from_dict">
    <system-out />
  </testcase>
  <testcase timestamp="2023-04-13T21:28:26.932023" time="0.000000" classname="tests.test_utils.TestUtils" name="test_convert_to_dict">
    <system-out />
  </testcase>
  <testcase timestamp="2023-04-13T21:28:26.932023" time="0.000000" classname="tests.workspace.test_script_file.TestScriptFile" name="test_apply_change_add">
    <system-out />
  </testcase>
  <testcase timestamp="2023-04-13T21:28:26.932023" time="0.000000" classname="tests.workspace.test_script_file.TestScriptFile" name="test_apply_change_add_character">
    <system-out />
  </testcase>
  <testcase timestamp="2023-04-13T21:28:26.932023" time="0.000000" classname="tests.workspace.test_script_file.TestScriptFile" name="test_apply_change_add_parentheses">
    <system-out />
  </testcase>
  <testcase timestamp="2023-04-13T21:28:26.932023" time="0.000000" classname="tests.workspace.test_script_file.TestScriptFile" name="test_apply_change_invalid_position">
    <system-out />
  </testcase>
  <testcase timestamp="2023-04-13T21:28:26.932023" time="0.015576" classname="tests.workspace.test_script_file.TestScriptFile" name="test_apply_change_remove">
    <system-out />
  </testcase>
  <testcase timestamp="2023-04-13T21:28:26.947599" time="0.001002" classname="tests.workspace.test_script_file.TestScriptFile" name="test_apply_change_remove_across_line">
    <system-out />
  </testcase>
  <testcase timestamp="2023-04-13T21:28:26.948601" time="0.001000" classname="tests.workspace.test_script_file.TestScriptFile" name="test_apply_change_remove_line">
    <system-out />
  </testcase>
  <testcase timestamp="2023-04-13T21:28:26.949601" time="0.000999" classname="tests.workspace.test_script_file.TestScriptFile" name="test_apply_change_replace">
    <system-out />
  </testcase>
  <testcase timestamp="2023-04-13T21:28:26.950600" time="0.001323" classname="tests.workspace.test_script_file.TestScriptFile" name="test_get_line_invalid">
    <system-out />
  </testcase>
  <testcase timestamp="2023-04-13T21:28:26.951922" time="0.000000" classname="tests.workspace.test_script_file.TestScriptFile" name="test_get_line_valid">
    <system-out />
  </testcase>
  <testcase timestamp="2023-04-13T21:28:26.951922" time="0.001002" classname="tests.workspace.test_script_file.TestScriptFile" name="test_get_lines_in_range_invalid_end">
    <system-out />
  </testcase>
  <testcase timestamp="2023-04-13T21:28:26.952924" time="0.000000" classname="tests.workspace.test_script_file.TestScriptFile" name="test_get_lines_in_range_invalid_start">
    <system-out />
  </testcase>
  <testcase timestamp="2023-04-13T21:28:26.952924" time="0.000999" classname="tests.workspace.test_script_file.TestScriptFile" name="test_get_lines_in_range_valid">
    <system-out />
  </testcase>
  <testcase timestamp="2023-04-13T21:28:26.953923" time="0.000000" classname="tests.workspace.test_script_file.TestScriptFile" name="test_get_text_in_range">
    <system-out />
  </testcase>
  <testcase timestamp="2023-04-13T21:28:26.953923" time="0.001001" classname="tests.workspace.test_script_file.TestScriptFile" name="test_get_text_in_range_start_of_line">
    <system-out />
  </testcase>
  <testcase timestamp="2023-04-13T21:28:26.955925" time="0.000000" classname="tests.workspace.test_script_file.TestScriptFile" name="test_init_all_params">
    <system-out />
  </testcase>
  <testcase timestamp="2023-04-13T21:28:26.955925" time="0.000999" classname="tests.workspace.test_script_file.TestScriptFile" name="test_init_missing_params">
    <system-out />
  </testcase>
  <testcase timestamp="2023-04-13T21:28:26.956925" time="0.000000" classname="tests.workspace.test_script_file.TestScriptFile" name="test_init_most_params">
    <system-out />
  </testcase>
  <testcase timestamp="2023-04-13T21:28:26.956925" time="0.001000" classname="tests.workspace.test_script_file.TestScriptFile" name="test_set_file_contents">
    <system-out />
  </testcase>
  <testcase timestamp="2023-04-13T21:28:26.957924" time="0.000000" classname="tests.workspace.test_script_file.TestScriptFile" name="test_set_file_contents_empty">
    <system-out />
  </testcase>
  <testcase timestamp="2023-04-13T21:28:26.957924" time="0.000999" classname="tests.workspace.test_script_file.TestScriptFile" name="test_validate_position_end_of_line">
    <system-out />
  </testcase>
  <testcase timestamp="2023-04-13T21:28:26.958923" time="0.000000" classname="tests.workspace.test_script_file.TestScriptFile" name="test_validate_position_invalid_col">
    <system-out />
  </testcase>
  <testcase timestamp="2023-04-13T21:28:26.958923" time="0.001000" classname="tests.workspace.test_script_file.TestScriptFile" name="test_validate_position_invalid_line">
    <system-out />
  </testcase>
  <testcase timestamp="2023-04-13T21:28:26.959923" time="0.000000" classname="tests.workspace.test_script_file.TestScriptFile" name="test_validate_position_valid">
    <system-out />
  </testcase>
  <testcase timestamp="2023-04-13T21:28:26.959923" time="0.001000" classname="tests.workspace.test_workspace.TestWorkspaceService" name="test_close_file_not_open">
    <system-out />
  </testcase>
  <testcase timestamp="2023-04-13T21:28:26.960923" time="0.000000" classname="tests.workspace.test_workspace.TestWorkspaceService" name="test_close_file_open">
    <system-out />
  </testcase>
  <testcase timestamp="2023-04-13T21:28:26.960923" time="0.001000" classname="tests.workspace.test_workspace.TestWorkspaceService" name="test_contains_file_false">
    <system-out />
  </testcase>
  <testcase timestamp="2023-04-13T21:28:26.961923" time="0.001000" classname="tests.workspace.test_workspace.TestWorkspaceService" name="test_contains_file_true">
    <system-out />
  </testcase>
  <testcase timestamp="2023-04-13T21:28:26.962923" time="0.001002" classname="tests.workspace.test_workspace.TestWorkspaceService" name="test_file_operations_no_path">
    <system-out />
  </testcase>
  <testcase timestamp="2023-04-13T21:28:26.963925" time="0.000000" classname="tests.workspace.test_workspace.TestWorkspaceService" name="test_get_file_not_open">
    <system-out />
  </testcase>
  <testcase timestamp="2023-04-13T21:28:26.963925" time="0.000000" classname="tests.workspace.test_workspace.TestWorkspaceService" name="test_get_file_open">
    <system-out />
  </testcase>
  <testcase timestamp="2023-04-13T21:28:26.964923" time="0.000000" classname="tests.workspace.test_workspace.TestWorkspaceService" name="test_init">
    <system-out />
  </testcase>
  <testcase timestamp="2023-04-13T21:28:26.964923" time="0.000000" classname="tests.workspace.test_workspace.TestWorkspaceService" name="test_is_path_in_memory">
    <system-out />
  </testcase>
  <testcase timestamp="2023-04-13T21:28:26.964923" time="0.001000" classname="tests.workspace.test_workspace.TestWorkspaceService" name="test_is_path_scm">
    <system-out />
  </testcase>
  <testcase timestamp="2023-04-13T21:28:26.965923" time="0.013006" classname="tests.workspace.test_workspace.TestWorkspaceService" name="test_open_file_no_buffer">
    <system-out />
  </testcase>
  <testcase timestamp="2023-04-13T21:28:26.978929" time="0.000995" classname="tests.workspace.test_workspace.TestWorkspaceService" name="test_open_file_no_buffer_no_file">
    <system-out />
  </testcase>
  <testcase timestamp="2023-04-13T21:28:26.979924" time="0.001029" classname="tests.workspace.test_workspace.TestWorkspaceService" name="test_open_file_opened">
    <system-out />
  </testcase>
  <testcase timestamp="2023-04-13T21:28:26.980953" time="0.000973" classname="tests.workspace.test_workspace.TestWorkspaceService" name="test_open_file_scm">
    <system-out />
  </testcase>
  <testcase timestamp="2023-04-13T21:28:26.981926" time="0.000000" classname="tests.workspace.test_workspace.TestWorkspaceService" name="test_open_file_with_buffer">
    <system-out />
  </testcase>
  <testcase timestamp="2023-04-13T21:28:26.981926" time="0.001025" classname="tests.workspace.test_workspace.TestWorkspaceService" name="test_resolve_file_path_posix">
    <system-out />
  </testcase>
  <testcase timestamp="2023-04-13T21:28:26.982951" time="0.000000" classname="tests.workspace.test_workspace.TestWorkspaceService" name="test_resolve_file_path_windows">
    <system-out />
  </testcase>
  <testcase timestamp="2023-04-13T21:28:26.982951" time="0.000973" classname="tests.workspace.test_workspace_service.TestWorkspaceService" name="test_formatter_config_defaults">
    <system-out />
  </testcase>
  <testcase timestamp="2023-04-13T21:28:26.983924" time="0.001000" classname="tests.workspace.test_workspace_service.TestWorkspaceService" name="test_get_text_full">
    <system-out />
  </testcase>
  <testcase timestamp="2023-04-13T21:28:26.984924" time="0.001006" classname="tests.workspace.test_workspace_service.TestWorkspaceService" name="test_get_text_selection">
    <system-out />
  </testcase>
  <testcase timestamp="2023-04-13T21:28:26.985930" time="0.005209" classname="tests.workspace.test_workspace_service.TestWorkspaceService" name="test_handle_did_change_config">
    <system-out />
  </testcase>
  <testcase timestamp="2023-04-13T21:28:26.991139" time="0.004211" classname="tests.workspace.test_workspace_service.TestWorkspaceService" name="test_handle_text_notification_exception">
    <system-out />
  </testcase>
  <testcase timestamp="2023-04-13T21:28:26.996347" time="0.042589" classname="tests.workspace.test_workspace_service.TestWorkspaceService" name="test_handle_text_notification_none">
    <system-out />
  </testcase>
  <testcase timestamp="2023-04-13T21:28:27.038936" time="0.018186" classname="tests.workspace.test_workspace_service.TestWorkspaceService" name="test_handle_text_notification_success">
    <system-out />
  </testcase>
  <testcase timestamp="2023-04-13T21:28:27.057122" time="0.001010" classname="tests.workspace.test_workspace_service.TestWorkspaceService" name="test_init">
    <system-out />
  </testcase>
  <testcase timestamp="2023-04-13T21:28:27.058132" time="0.000000" classname="tests.workspace.test_workspace_service.TestWorkspaceService" name="test_intellisense_config_defaults">
    <system-out />
  </testcase>
  <testcase timestamp="2023-04-13T21:28:27.058132" time="0.004999" classname="tests.workspace.test_workspace_service.TestWorkspaceService" name="test_register">
    <system-out />
  </testcase>
  <testcase timestamp="2023-04-13T21:28:27.063130" time="0.004000" classname="tests.workspace.test_workspace_service.TestWorkspaceService" name="test_register_callbacks">
    <system-out />
  </testcase>
</testsuite>
